# JRE version: OpenJDK Runtime Environment Zulu15.46+17-CA (15.0.10+5) (build 15.0.10+5-MTS)
# Java VM: OpenJDK 64-Bit Server VM Zulu15.46+17-CA (15.0.10+5-MTS, mixed mode, sharing, tiered, compressed oops, g1 gc, windows-amd64)
GC Precious Log:
 CPUs: 8 total, 8 available
 Memory: 8050M
 Large Page Support: Disabled
 NUMA Support: Disabled
 Compressed Oops: Enabled (Zero based)
 Heap Region Size: 2M
 Heap Min Capacity: 8M
 Heap Initial Capacity: 126M
 Heap Max Capacity: 3500M
 Pre-touch: Disabled
 Parallel Workers: 8
 Concurrent Workers: 2
 Concurrent Refinement Workers: 8
 Periodic GC: Disabled
Heap:
 garbage-first heap   total 258048K, used 66092K [0x0000000725400000, 0x0000000800000000)
  region size 2048K, 1 young (2048K), 1 survivors (2048K)
 Metaspace       used 65135K, capacity 65759K, committed 65840K, reserved 1105920K
  class space    used 8810K, capacity 9019K, committed 9088K, reserved 1048576K
GC Heap History (20 events):
Event: 4.500 GC heap after
{Heap after GC invocations=16 (full 0):
 garbage-first heap   total 83968K, used 37062K [0x0000000725400000, 0x0000000800000000)
  region size 2048K, 3 young (6144K), 3 survivors (6144K)
 Metaspace       used 58200K, capacity 58782K, committed 59056K, reserved 1099776K
  class space    used 7961K, capacity 8154K, committed 8192K, reserved 1048576K
}
Event: 4.647 GC heap before
{Heap before GC invocations=16 (full 0):
 garbage-first heap   total 83968K, used 59590K [0x0000000725400000, 0x0000000800000000)
  region size 2048K, 15 young (30720K), 3 survivors (6144K)
 Metaspace       used 58312K, capacity 58945K, committed 59056K, reserved 1099776K
  class space    used 7973K, capacity 8187K, committed 8192K, reserved 1048576K
}
Event: 4.655 GC heap after
{Heap after GC invocations=17 (full 0):
 garbage-first heap   total 83968K, used 45411K [0x0000000725400000, 0x0000000800000000)
  region size 2048K, 2 young (4096K), 2 survivors (4096K)
 Metaspace       used 58312K, capacity 58945K, committed 59056K, reserved 1099776K
  class space    used 7973K, capacity 8187K, committed 8192K, reserved 1048576K
}
Event: 4.673 GC heap before
{Heap before GC invocations=17 (full 0):
 garbage-first heap   total 83968K, used 57699K [0x0000000725400000, 0x0000000800000000)
  region size 2048K, 9 young (18432K), 2 survivors (4096K)
 Metaspace       used 58312K, capacity 58945K, committed 59056K, reserved 1099776K
  class space    used 7973K, capacity 8187K, committed 8192K, reserved 1048576K
}
Event: 4.677 GC heap after
{Heap after GC invocations=18 (full 0):
 garbage-first heap   total 102400K, used 49652K [0x0000000725400000, 0x0000000800000000)
  region size 2048K, 2 young (4096K), 2 survivors (4096K)
 Metaspace       used 58312K, capacity 58945K, committed 59056K, reserved 1099776K
  class space    used 7973K, capacity 8187K, committed 8192K, reserved 1048576K
}
Event: 4.752 GC heap before
{Heap before GC invocations=18 (full 0):
 garbage-first heap   total 102400K, used 72180K [0x0000000725400000, 0x0000000800000000)
  region size 2048K, 14 young (28672K), 2 survivors (4096K)
 Metaspace       used 58312K, capacity 58945K, committed 59056K, reserved 1099776K
  class space    used 7973K, capacity 8187K, committed 8192K, reserved 1048576K
}
Event: 4.759 GC heap after
{Heap after GC invocations=19 (full 0):
 garbage-first heap   total 102400K, used 55872K [0x0000000725400000, 0x0000000800000000)
  region size 2048K, 2 young (4096K), 2 survivors (4096K)
 Metaspace       used 58312K, capacity 58945K, committed 59056K, reserved 1099776K
  class space    used 7973K, capacity 8187K, committed 8192K, reserved 1048576K
}
Event: 4.842 GC heap before
{Heap before GC invocations=20 (full 0):
 garbage-first heap   total 102400K, used 74304K [0x0000000725400000, 0x0000000800000000)
  region size 2048K, 12 young (24576K), 2 survivors (4096K)
 Metaspace       used 58312K, capacity 58945K, committed 59056K, reserved 1099776K
  class space    used 7973K, capacity 8187K, committed 8192K, reserved 1048576K
}
Event: 4.847 GC heap after
{Heap after GC invocations=21 (full 0):
 garbage-first heap   total 102400K, used 61389K [0x0000000725400000, 0x0000000800000000)
  region size 2048K, 2 young (4096K), 2 survivors (4096K)
 Metaspace       used 58312K, capacity 58945K, committed 59056K, reserved 1099776K
  class space    used 7973K, capacity 8187K, committed 8192K, reserved 1048576K
}
Event: 4.849 GC heap before
{Heap before GC invocations=21 (full 0):
 garbage-first heap   total 102400K, used 63437K [0x0000000725400000, 0x0000000800000000)
  region size 2048K, 3 young (6144K), 2 survivors (4096K)
 Metaspace       used 58312K, capacity 58945K, committed 59056K, reserved 1099776K
  class space    used 7973K, capacity 8187K, committed 8192K, reserved 1048576K
}
Event: 4.863 GC heap after
{Heap after GC invocations=22 (full 0):
 garbage-first heap   total 102400K, used 57075K [0x0000000725400000, 0x0000000800000000)
  region size 2048K, 1 young (2048K), 1 survivors (2048K)
 Metaspace       used 58312K, capacity 58945K, committed 59056K, reserved 1099776K
  class space    used 7973K, capacity 8187K, committed 8192K, reserved 1048576K
}
Event: 4.901 GC heap before
{Heap before GC invocations=22 (full 0):
 garbage-first heap   total 102400K, used 75507K [0x0000000725400000, 0x0000000800000000)
  region size 2048K, 10 young (20480K), 1 survivors (2048K)
 Metaspace       used 58312K, capacity 58945K, committed 59056K, reserved 1099776K
  class space    used 7973K, capacity 8187K, committed 8192K, reserved 1048576K
}
Event: 4.904 GC heap after
{Heap after GC invocations=23 (full 0):
 garbage-first heap   total 137216K, used 60903K [0x0000000725400000, 0x0000000800000000)
  region size 2048K, 2 young (4096K), 2 survivors (4096K)
 Metaspace       used 58312K, capacity 58945K, committed 59056K, reserved 1099776K
  class space    used 7973K, capacity 8187K, committed 8192K, reserved 1048576K
}
Event: 5.011 GC heap before
{Heap before GC invocations=24 (full 0):
 garbage-first heap   total 137216K, used 91623K [0x0000000725400000, 0x0000000800000000)
  region size 2048K, 20 young (40960K), 2 survivors (4096K)
 Metaspace       used 58322K, capacity 58960K, committed 59056K, reserved 1099776K
  class space    used 7975K, capacity 8190K, committed 8192K, reserved 1048576K
}
Event: 5.018 GC heap after
{Heap after GC invocations=25 (full 0):
 garbage-first heap   total 137216K, used 67043K [0x0000000725400000, 0x0000000800000000)
  region size 2048K, 3 young (6144K), 3 survivors (6144K)
 Metaspace       used 58322K, capacity 58960K, committed 59056K, reserved 1099776K
  class space    used 7975K, capacity 8190K, committed 8192K, reserved 1048576K
}
Event: 5.019 GC heap before
{Heap before GC invocations=25 (full 0):
 garbage-first heap   total 137216K, used 69091K [0x0000000725400000, 0x0000000800000000)
  region size 2048K, 4 young (8192K), 3 survivors (6144K)
 Metaspace       used 58322K, capacity 58960K, committed 59056K, reserved 1099776K
  class space    used 7975K, capacity 8190K, committed 8192K, reserved 1048576K
}
Event: 5.034 GC heap after
{Heap after GC invocations=26 (full 0):
 garbage-first heap   total 137216K, used 54845K [0x0000000725400000, 0x0000000800000000)
  region size 2048K, 1 young (2048K), 1 survivors (2048K)
 Metaspace       used 58322K, capacity 58960K, committed 59056K, reserved 1099776K
  class space    used 7975K, capacity 8190K, committed 8192K, reserved 1048576K
}
Event: 5.201 GC heap before
{Heap before GC invocations=26 (full 0):
 garbage-first heap   total 137216K, used 93757K [0x0000000725400000, 0x0000000800000000)
  region size 2048K, 20 young (40960K), 1 survivors (2048K)
 Metaspace       used 59049K, capacity 59650K, committed 59696K, reserved 1101824K
  class space    used 8099K, capacity 8289K, committed 8320K, reserved 1048576K
}
Event: 5.208 GC heap after
{Heap after GC invocations=27 (full 0):
 garbage-first heap   total 137216K, used 63787K [0x0000000725400000, 0x0000000800000000)
  region size 2048K, 3 young (6144K), 3 survivors (6144K)
 Metaspace       used 59049K, capacity 59650K, committed 59696K, reserved 1101824K
  class space    used 8099K, capacity 8289K, committed 8320K, reserved 1048576K
}
Event: 12.891 GC heap before
{Heap before GC invocations=27 (full 0):
 garbage-first heap   total 137216K, used 94507K [0x0000000725400000, 0x0000000800000000)
  region size 2048K, 19 young (38912K), 3 survivors (6144K)
 Metaspace       used 65135K, capacity 65759K, committed 65840K, reserved 1105920K
  class space    used 8810K, capacity 9019K, committed 9088K, reserved 1048576K
}

