# JRE version: OpenJDK Runtime Environment Zulu15.46+17-CA (15.0.10+5) (build 15.0.10+5-MTS)
# Java VM: OpenJDK 64-Bit Server VM Zulu15.46+17-CA (15.0.10+5-MTS, mixed mode, sharing, tiered, compressed oops, g1 gc, windows-amd64)
GC Precious Log:
 CPUs: 8 total, 8 available
 Memory: 8050M
 Large Page Support: Disabled
 NUMA Support: Disabled
 Compressed Oops: Enabled (32-bit)
 Heap Region Size: 1M
 Heap Min Capacity: 8M
 Heap Initial Capacity: 126M
 Heap Max Capacity: 2014M
 Pre-touch: Disabled
 Parallel Workers: 8
 Concurrent Workers: 2
 Concurrent Refinement Workers: 8
 Periodic GC: Disabled
Heap:
 garbage-first heap   total 101376K, used 41585K [0x0000000082200000, 0x0000000100000000)
  region size 1024K, 5 young (5120K), 5 survivors (5120K)
 Metaspace       used 58351K, capacity 58893K, committed 59132K, reserved 1099776K
  class space    used 7965K, capacity 8150K, committed 8268K, reserved 1048576K
GC Heap History (20 events):
Event: 1.320 GC heap after
{Heap after GC invocations=3 (full 0):
 garbage-first heap   total 129024K, used 12420K [0x0000000082200000, 0x0000000100000000)
  region size 1024K, 4 young (4096K), 4 survivors (4096K)
 Metaspace       used 20326K, capacity 20737K, committed 20864K, reserved 1067008K
  class space    used 2773K, capacity 2890K, committed 2944K, reserved 1048576K
}
Event: 1.331 GC heap before
{Heap before GC invocations=3 (full 0):
 garbage-first heap   total 129024K, used 15492K [0x0000000082200000, 0x0000000100000000)
  region size 1024K, 8 young (8192K), 4 survivors (4096K)
 Metaspace       used 20888K, capacity 21217K, committed 21296K, reserved 1067008K
  class space    used 2819K, capacity 2922K, committed 2944K, reserved 1048576K
}
Event: 1.334 GC heap after
{Heap after GC invocations=4 (full 0):
 garbage-first heap   total 129024K, used 12644K [0x0000000082200000, 0x0000000100000000)
  region size 1024K, 4 young (4096K), 4 survivors (4096K)
 Metaspace       used 20888K, capacity 21217K, committed 21296K, reserved 1067008K
  class space    used 2819K, capacity 2922K, committed 2944K, reserved 1048576K
}
Event: 1.630 GC heap before
{Heap before GC invocations=5 (full 0):
 garbage-first heap   total 51200K, used 49508K [0x0000000082200000, 0x0000000100000000)
  region size 1024K, 41 young (41984K), 4 survivors (4096K)
 Metaspace       used 25011K, capacity 25405K, committed 25596K, reserved 1071104K
  class space    used 3402K, capacity 3524K, committed 3660K, reserved 1048576K
}
Event: 1.639 GC heap after
{Heap after GC invocations=6 (full 0):
 garbage-first heap   total 69632K, used 14391K [0x0000000082200000, 0x0000000100000000)
  region size 1024K, 6 young (6144K), 6 survivors (6144K)
 Metaspace       used 25011K, capacity 25405K, committed 25596K, reserved 1071104K
  class space    used 3402K, capacity 3524K, committed 3660K, reserved 1048576K
}
Event: 2.120 GC heap before
{Heap before GC invocations=6 (full 0):
 garbage-first heap   total 69632K, used 49207K [0x0000000082200000, 0x0000000100000000)
  region size 1024K, 40 young (40960K), 6 survivors (6144K)
 Metaspace       used 29893K, capacity 30317K, committed 30588K, reserved 1075200K
  class space    used 4089K, capacity 4230K, committed 4300K, reserved 1048576K
}
Event: 2.130 GC heap after
{Heap after GC invocations=7 (full 0):
 garbage-first heap   total 69632K, used 17016K [0x0000000082200000, 0x0000000100000000)
  region size 1024K, 5 young (5120K), 5 survivors (5120K)
 Metaspace       used 29893K, capacity 30317K, committed 30588K, reserved 1075200K
  class space    used 4089K, capacity 4230K, committed 4300K, reserved 1048576K
}
Event: 2.536 GC heap before
{Heap before GC invocations=7 (full 0):
 garbage-first heap   total 69632K, used 49784K [0x0000000082200000, 0x0000000100000000)
  region size 1024K, 38 young (38912K), 5 survivors (5120K)
 Metaspace       used 34828K, capacity 35333K, committed 35580K, reserved 1079296K
  class space    used 4694K, capacity 4878K, committed 4940K, reserved 1048576K
}
Event: 2.541 GC heap after
{Heap after GC invocations=8 (full 0):
 garbage-first heap   total 69632K, used 19024K [0x0000000082200000, 0x0000000100000000)
  region size 1024K, 3 young (3072K), 3 survivors (3072K)
 Metaspace       used 34828K, capacity 35333K, committed 35580K, reserved 1079296K
  class space    used 4694K, capacity 4878K, committed 4940K, reserved 1048576K
}
Event: 2.575 GC heap before
{Heap before GC invocations=8 (full 0):
 garbage-first heap   total 69632K, used 20048K [0x0000000082200000, 0x0000000100000000)
  region size 1024K, 5 young (5120K), 3 survivors (3072K)
 Metaspace       used 35332K, capacity 35813K, committed 35964K, reserved 1081344K
  class space    used 4784K, capacity 4974K, committed 5068K, reserved 1048576K
}
Event: 2.578 GC heap after
{Heap after GC invocations=9 (full 0):
 garbage-first heap   total 69632K, used 18739K [0x0000000082200000, 0x0000000100000000)
  region size 1024K, 3 young (3072K), 3 survivors (3072K)
 Metaspace       used 35332K, capacity 35813K, committed 35964K, reserved 1081344K
  class space    used 4784K, capacity 4974K, committed 5068K, reserved 1048576K
}
Event: 3.126 GC heap before
{Heap before GC invocations=10 (full 0):
 garbage-first heap   total 69632K, used 52531K [0x0000000082200000, 0x0000000100000000)
  region size 1024K, 36 young (36864K), 3 survivors (3072K)
 Metaspace       used 43329K, capacity 43831K, committed 43900K, reserved 1087488K
  class space    used 5919K, capacity 6067K, committed 6092K, reserved 1048576K
}
Event: 3.130 GC heap after
{Heap after GC invocations=11 (full 0):
 garbage-first heap   total 83968K, used 20518K [0x0000000082200000, 0x0000000100000000)
  region size 1024K, 4 young (4096K), 4 survivors (4096K)
 Metaspace       used 43329K, capacity 43831K, committed 43900K, reserved 1087488K
  class space    used 5919K, capacity 6067K, committed 6092K, reserved 1048576K
}
Event: 3.678 GC heap before
{Heap before GC invocations=11 (full 0):
 garbage-first heap   total 83968K, used 63526K [0x0000000082200000, 0x0000000100000000)
  region size 1024K, 47 young (48128K), 4 survivors (4096K)
 Metaspace       used 51192K, capacity 51716K, committed 51836K, reserved 1093632K
  class space    used 7085K, capacity 7262K, committed 7372K, reserved 1048576K
}
Event: 3.682 GC heap after
{Heap after GC invocations=12 (full 0):
 garbage-first heap   total 83968K, used 23194K [0x0000000082200000, 0x0000000100000000)
  region size 1024K, 5 young (5120K), 5 survivors (5120K)
 Metaspace       used 51192K, capacity 51716K, committed 51836K, reserved 1093632K
  class space    used 7085K, capacity 7262K, committed 7372K, reserved 1048576K
}
Event: 4.232 GC heap before
{Heap before GC invocations=12 (full 0):
 garbage-first heap   total 83968K, used 65178K [0x0000000082200000, 0x0000000100000000)
  region size 1024K, 46 young (47104K), 5 survivors (5120K)
 Metaspace       used 57147K, capacity 57707K, committed 57980K, reserved 1099776K
  class space    used 7831K, capacity 8034K, committed 8140K, reserved 1048576K
}
Event: 4.238 GC heap after
{Heap after GC invocations=13 (full 0):
 garbage-first heap   total 83968K, used 26534K [0x0000000082200000, 0x0000000100000000)
  region size 1024K, 6 young (6144K), 6 survivors (6144K)
 Metaspace       used 57147K, capacity 57707K, committed 57980K, reserved 1099776K
  class space    used 7831K, capacity 8034K, committed 8140K, reserved 1048576K
}
Event: 4.443 GC heap before
{Heap before GC invocations=13 (full 0):
 garbage-first heap   total 83968K, used 66470K [0x0000000082200000, 0x0000000100000000)
  region size 1024K, 44 young (45056K), 6 survivors (6144K)
 Metaspace       used 58270K, capacity 58826K, committed 59132K, reserved 1099776K
  class space    used 7955K, capacity 8149K, committed 8268K, reserved 1048576K
}
Event: 4.451 GC heap after
{Heap after GC invocations=14 (full 0):
 garbage-first heap   total 83968K, used 33440K [0x0000000082200000, 0x0000000100000000)
  region size 1024K, 6 young (6144K), 6 survivors (6144K)
 Metaspace       used 58270K, capacity 58826K, committed 59132K, reserved 1099776K
  class space    used 7955K, capacity 8149K, committed 8268K, reserved 1048576K
}
Event: 4.548 GC heap before
{Heap before GC invocations=14 (full 0):
 garbage-first heap   total 83968K, used 63136K [0x0000000082200000, 0x0000000100000000)
  region size 1024K, 35 young (35840K), 6 survivors (6144K)
 Metaspace       used 58351K, capacity 58893K, committed 59132K, reserved 1099776K
  class space    used 7965K, capacity 8150K, committed 8268K, reserved 1048576K
}

