# JRE version: OpenJDK Runtime Environment Zulu15.46+17-CA (15.0.10+5) (build 15.0.10+5-MTS)
# Java VM: OpenJDK 64-Bit Server VM Zulu15.46+17-CA (15.0.10+5-MTS, mixed mode, sharing, tiered, compressed oops, g1 gc, windows-amd64)
GC Precious Log:
 CPUs: 8 total, 8 available
 Memory: 8050M
 Large Page Support: Disabled
 NUMA Support: Disabled
 Compressed Oops: Enabled (32-bit)
 Heap Region Size: 1M
 Heap Min Capacity: 8M
 Heap Initial Capacity: 126M
 Heap Max Capacity: 2014M
 Pre-touch: Disabled
 Parallel Workers: 8
 Concurrent Workers: 2
 Concurrent Refinement Workers: 8
 Periodic GC: Disabled
Heap:
 garbage-first heap   total 104448K, used 40914K [0x0000000082200000, 0x0000000100000000)
  region size 1024K, 5 young (5120K), 5 survivors (5120K)
 Metaspace       used 58130K, capacity 58751K, committed 58780K, reserved 1099776K
  class space    used 7941K, capacity 8149K, committed 8172K, reserved 1048576K
GC Heap History (20 events):
Event: 1.906 GC heap after
{Heap after GC invocations=3 (full 0):
 garbage-first heap   total 129024K, used 12258K [0x0000000082200000, 0x0000000100000000)
  region size 1024K, 4 young (4096K), 4 survivors (4096K)
 Metaspace       used 19887K, capacity 20281K, committed 20608K, reserved 1067008K
  class space    used 2724K, capacity 2826K, committed 2944K, reserved 1048576K
}
Event: 1.946 GC heap before
{Heap before GC invocations=3 (full 0):
 garbage-first heap   total 129024K, used 16354K [0x0000000082200000, 0x0000000100000000)
  region size 1024K, 9 young (9216K), 4 survivors (4096K)
 Metaspace       used 20878K, capacity 21209K, committed 21296K, reserved 1067008K
  class space    used 2818K, capacity 2922K, committed 2944K, reserved 1048576K
}
Event: 1.950 GC heap after
{Heap after GC invocations=4 (full 0):
 garbage-first heap   total 129024K, used 12561K [0x0000000082200000, 0x0000000100000000)
  region size 1024K, 4 young (4096K), 4 survivors (4096K)
 Metaspace       used 20878K, capacity 21209K, committed 21296K, reserved 1067008K
  class space    used 2818K, capacity 2922K, committed 2944K, reserved 1048576K
}
Event: 2.264 GC heap before
{Heap before GC invocations=5 (full 0):
 garbage-first heap   total 48128K, used 47377K [0x0000000082200000, 0x0000000100000000)
  region size 1024K, 38 young (38912K), 4 survivors (4096K)
 Metaspace       used 24398K, capacity 24786K, committed 24880K, reserved 1071104K
  class space    used 3302K, capacity 3427K, committed 3456K, reserved 1048576K
}
Event: 2.273 GC heap after
{Heap after GC invocations=6 (full 0):
 garbage-first heap   total 67584K, used 14072K [0x0000000082200000, 0x0000000100000000)
  region size 1024K, 6 young (6144K), 6 survivors (6144K)
 Metaspace       used 24398K, capacity 24786K, committed 24880K, reserved 1071104K
  class space    used 3302K, capacity 3427K, committed 3456K, reserved 1048576K
}
Event: 2.861 GC heap before
{Heap before GC invocations=6 (full 0):
 garbage-first heap   total 67584K, used 47864K [0x0000000082200000, 0x0000000100000000)
  region size 1024K, 39 young (39936K), 6 survivors (6144K)
 Metaspace       used 29092K, capacity 29529K, committed 29744K, reserved 1075200K
  class space    used 3967K, capacity 4098K, committed 4224K, reserved 1048576K
}
Event: 2.871 GC heap after
{Heap after GC invocations=7 (full 0):
 garbage-first heap   total 67584K, used 15938K [0x0000000082200000, 0x0000000100000000)
  region size 1024K, 5 young (5120K), 5 survivors (5120K)
 Metaspace       used 29092K, capacity 29529K, committed 29744K, reserved 1075200K
  class space    used 3967K, capacity 4098K, committed 4224K, reserved 1048576K
}
Event: 3.259 GC heap before
{Heap before GC invocations=7 (full 0):
 garbage-first heap   total 67584K, used 48706K [0x0000000082200000, 0x0000000100000000)
  region size 1024K, 37 young (37888K), 5 survivors (5120K)
 Metaspace       used 33747K, capacity 34269K, committed 34352K, reserved 1079296K
  class space    used 4548K, capacity 4718K, committed 4736K, reserved 1048576K
}
Event: 3.277 GC heap after
{Heap after GC invocations=8 (full 0):
 garbage-first heap   total 67584K, used 18469K [0x0000000082200000, 0x0000000100000000)
  region size 1024K, 5 young (5120K), 5 survivors (5120K)
 Metaspace       used 33747K, capacity 34269K, committed 34352K, reserved 1079296K
  class space    used 4548K, capacity 4718K, committed 4736K, reserved 1048576K
}
Event: 3.441 GC heap before
{Heap before GC invocations=8 (full 0):
 garbage-first heap   total 67584K, used 25637K [0x0000000082200000, 0x0000000100000000)
  region size 1024K, 13 young (13312K), 5 survivors (5120K)
 Metaspace       used 35414K, capacity 35869K, committed 35888K, reserved 1081344K
  class space    used 4808K, capacity 4974K, committed 4992K, reserved 1048576K
}
Event: 3.446 GC heap after
{Heap after GC invocations=9 (full 0):
 garbage-first heap   total 67584K, used 19044K [0x0000000082200000, 0x0000000100000000)
  region size 1024K, 3 young (3072K), 3 survivors (3072K)
 Metaspace       used 35414K, capacity 35869K, committed 35888K, reserved 1081344K
  class space    used 4808K, capacity 4974K, committed 4992K, reserved 1048576K
}
Event: 4.169 GC heap before
{Heap before GC invocations=10 (full 0):
 garbage-first heap   total 67584K, used 51812K [0x0000000082200000, 0x0000000100000000)
  region size 1024K, 35 young (35840K), 3 survivors (3072K)
 Metaspace       used 43180K, capacity 43695K, committed 43932K, reserved 1087488K
  class space    used 5898K, capacity 6067K, committed 6124K, reserved 1048576K
}
Event: 4.178 GC heap after
{Heap after GC invocations=11 (full 0):
 garbage-first heap   total 81920K, used 20797K [0x0000000082200000, 0x0000000100000000)
  region size 1024K, 5 young (5120K), 5 survivors (5120K)
 Metaspace       used 43180K, capacity 43695K, committed 43932K, reserved 1087488K
  class space    used 5898K, capacity 6067K, committed 6124K, reserved 1048576K
}
Event: 4.876 GC heap before
{Heap before GC invocations=11 (full 0):
 garbage-first heap   total 81920K, used 62781K [0x0000000082200000, 0x0000000100000000)
  region size 1024K, 46 young (47104K), 5 survivors (5120K)
 Metaspace       used 50814K, capacity 51324K, committed 51484K, reserved 1093632K
  class space    used 7026K, capacity 7198K, committed 7276K, reserved 1048576K
}
Event: 4.894 GC heap after
{Heap after GC invocations=12 (full 0):
 garbage-first heap   total 81920K, used 23160K [0x0000000082200000, 0x0000000100000000)
  region size 1024K, 5 young (5120K), 5 survivors (5120K)
 Metaspace       used 50814K, capacity 51324K, committed 51484K, reserved 1093632K
  class space    used 7026K, capacity 7198K, committed 7276K, reserved 1048576K
}
Event: 5.394 GC heap before
{Heap before GC invocations=12 (full 0):
 garbage-first heap   total 81920K, used 63096K [0x0000000082200000, 0x0000000100000000)
  region size 1024K, 44 young (45056K), 5 survivors (5120K)
 Metaspace       used 56614K, capacity 57215K, committed 57372K, reserved 1099776K
  class space    used 7772K, capacity 7960K, committed 8044K, reserved 1048576K
}
Event: 5.415 GC heap after
{Heap after GC invocations=13 (full 0):
 garbage-first heap   total 81920K, used 26121K [0x0000000082200000, 0x0000000100000000)
  region size 1024K, 6 young (6144K), 6 survivors (6144K)
 Metaspace       used 56614K, capacity 57215K, committed 57372K, reserved 1099776K
  class space    used 7772K, capacity 7960K, committed 8044K, reserved 1048576K
}
Event: 5.736 GC heap before
{Heap before GC invocations=13 (full 0):
 garbage-first heap   total 81920K, used 64009K [0x0000000082200000, 0x0000000100000000)
  region size 1024K, 43 young (44032K), 6 survivors (6144K)
 Metaspace       used 58026K, capacity 58652K, committed 58780K, reserved 1099776K
  class space    used 7930K, capacity 8116K, committed 8172K, reserved 1048576K
}
Event: 5.744 GC heap after
{Heap after GC invocations=14 (full 0):
 garbage-first heap   total 81920K, used 32792K [0x0000000082200000, 0x0000000100000000)
  region size 1024K, 6 young (6144K), 6 survivors (6144K)
 Metaspace       used 58026K, capacity 58652K, committed 58780K, reserved 1099776K
  class space    used 7930K, capacity 8116K, committed 8172K, reserved 1048576K
}
Event: 5.890 GC heap before
{Heap before GC invocations=14 (full 0):
 garbage-first heap   total 81920K, used 62488K [0x0000000082200000, 0x0000000100000000)
  region size 1024K, 35 young (35840K), 6 survivors (6144K)
 Metaspace       used 58130K, capacity 58751K, committed 58780K, reserved 1099776K
  class space    used 7941K, capacity 8149K, committed 8172K, reserved 1048576K
}

