# JRE version: OpenJDK Runtime Environment Zulu15.46+17-CA (15.0.10+5) (build 15.0.10+5-MTS)
# Java VM: OpenJDK 64-Bit Server VM Zulu15.46+17-CA (15.0.10+5-MTS, mixed mode, sharing, tiered, compressed oops, g1 gc, windows-amd64)
GC Precious Log:
 CPUs: 8 total, 8 available
 Memory: 8050M
 Large Page Support: Disabled
 NUMA Support: Disabled
 Compressed Oops: Enabled (Zero based)
 Heap Region Size: 2M
 Heap Min Capacity: 8M
 Heap Initial Capacity: 126M
 Heap Max Capacity: 3500M
 Pre-touch: Disabled
 Parallel Workers: 8
 Concurrent Workers: 2
 Concurrent Refinement Workers: 8
 Periodic GC: Disabled
Heap:
 garbage-first heap   total 247808K, used 77026K [0x0000000725400000, 0x0000000800000000)
  region size 2048K, 1 young (2048K), 1 survivors (2048K)
 Metaspace       used 66842K, capacity 67499K, committed 67784K, reserved 1107968K
  class space    used 9049K, capacity 9277K, committed 9344K, reserved 1048576K
GC Heap History (20 events):
Event: 4.673 GC heap after
{Heap after GC invocations=16 (full 0):
 garbage-first heap   total 83968K, used 29973K [0x0000000725400000, 0x0000000800000000)
  region size 2048K, 3 young (6144K), 3 survivors (6144K)
 Metaspace       used 58060K, capacity 58590K, committed 58696K, reserved 1099776K
  class space    used 7959K, capacity 8154K, committed 8192K, reserved 1048576K
}
Event: 4.797 GC heap before
{Heap before GC invocations=16 (full 0):
 garbage-first heap   total 83968K, used 60693K [0x0000000725400000, 0x0000000800000000)
  region size 2048K, 19 young (38912K), 3 survivors (6144K)
 Metaspace       used 58082K, capacity 58718K, committed 58952K, reserved 1099776K
  class space    used 7959K, capacity 8154K, committed 8192K, reserved 1048576K
}
Event: 4.811 GC heap after
{Heap after GC invocations=17 (full 0):
 garbage-first heap   total 83968K, used 36582K [0x0000000725400000, 0x0000000800000000)
  region size 2048K, 3 young (6144K), 3 survivors (6144K)
 Metaspace       used 58082K, capacity 58718K, committed 58952K, reserved 1099776K
  class space    used 7959K, capacity 8154K, committed 8192K, reserved 1048576K
}
Event: 5.124 GC heap before
{Heap before GC invocations=17 (full 0):
 garbage-first heap   total 83968K, used 59110K [0x0000000725400000, 0x0000000800000000)
  region size 2048K, 15 young (30720K), 3 survivors (6144K)
 Metaspace       used 58196K, capacity 58785K, committed 58952K, reserved 1099776K
  class space    used 7971K, capacity 8155K, committed 8192K, reserved 1048576K
}
Event: 5.138 GC heap after
{Heap after GC invocations=18 (full 0):
 garbage-first heap   total 102400K, used 44201K [0x0000000725400000, 0x0000000800000000)
  region size 2048K, 2 young (4096K), 2 survivors (4096K)
 Metaspace       used 58196K, capacity 58785K, committed 58952K, reserved 1099776K
  class space    used 7971K, capacity 8155K, committed 8192K, reserved 1048576K
}
Event: 5.249 GC heap before
{Heap before GC invocations=18 (full 0):
 garbage-first heap   total 102400K, used 70825K [0x0000000725400000, 0x0000000800000000)
  region size 2048K, 16 young (32768K), 2 survivors (4096K)
 Metaspace       used 58196K, capacity 58785K, committed 58952K, reserved 1099776K
  class space    used 7971K, capacity 8155K, committed 8192K, reserved 1048576K
}
Event: 5.258 GC heap after
{Heap after GC invocations=19 (full 0):
 garbage-first heap   total 102400K, used 50750K [0x0000000725400000, 0x0000000800000000)
  region size 2048K, 2 young (4096K), 2 survivors (4096K)
 Metaspace       used 58196K, capacity 58785K, committed 58952K, reserved 1099776K
  class space    used 7971K, capacity 8155K, committed 8192K, reserved 1048576K
}
Event: 5.488 GC heap before
{Heap before GC invocations=19 (full 0):
 garbage-first heap   total 102400K, used 75326K [0x0000000725400000, 0x0000000800000000)
  region size 2048K, 14 young (28672K), 2 survivors (4096K)
 Metaspace       used 58196K, capacity 58785K, committed 58952K, reserved 1099776K
  class space    used 7971K, capacity 8155K, committed 8192K, reserved 1048576K
}
Event: 5.501 GC heap after
{Heap after GC invocations=20 (full 0):
 garbage-first heap   total 102400K, used 59034K [0x0000000725400000, 0x0000000800000000)
  region size 2048K, 2 young (4096K), 2 survivors (4096K)
 Metaspace       used 58196K, capacity 58785K, committed 58952K, reserved 1099776K
  class space    used 7971K, capacity 8155K, committed 8192K, reserved 1048576K
}
Event: 5.562 GC heap before
{Heap before GC invocations=20 (full 0):
 garbage-first heap   total 102400K, used 73370K [0x0000000725400000, 0x0000000800000000)
  region size 2048K, 10 young (20480K), 2 survivors (4096K)
 Metaspace       used 58196K, capacity 58785K, committed 58952K, reserved 1099776K
  class space    used 7971K, capacity 8155K, committed 8192K, reserved 1048576K
}
Event: 5.569 GC heap after
{Heap after GC invocations=21 (full 0):
 garbage-first heap   total 102400K, used 63302K [0x0000000725400000, 0x0000000800000000)
  region size 2048K, 2 young (4096K), 2 survivors (4096K)
 Metaspace       used 58196K, capacity 58785K, committed 58952K, reserved 1099776K
  class space    used 7971K, capacity 8155K, committed 8192K, reserved 1048576K
}
Event: 5.669 GC heap before
{Heap before GC invocations=21 (full 0):
 garbage-first heap   total 131072K, used 75590K [0x0000000725400000, 0x0000000800000000)
  region size 2048K, 9 young (18432K), 2 survivors (4096K)
 Metaspace       used 58196K, capacity 58785K, committed 58952K, reserved 1099776K
  class space    used 7971K, capacity 8155K, committed 8192K, reserved 1048576K
}
Event: 5.675 GC heap after
{Heap after GC invocations=22 (full 0):
 garbage-first heap   total 169984K, used 64219K [0x0000000725400000, 0x0000000800000000)
  region size 2048K, 2 young (4096K), 2 survivors (4096K)
 Metaspace       used 58196K, capacity 58785K, committed 58952K, reserved 1099776K
  class space    used 7971K, capacity 8155K, committed 8192K, reserved 1048576K
}
Event: 6.137 GC heap before
{Heap before GC invocations=23 (full 0):
 garbage-first heap   total 169984K, used 117467K [0x0000000725400000, 0x0000000800000000)
  region size 2048K, 29 young (59392K), 2 survivors (4096K)
 Metaspace       used 58206K, capacity 58800K, committed 58952K, reserved 1099776K
  class space    used 7972K, capacity 8158K, committed 8192K, reserved 1048576K
}
Event: 6.155 GC heap after
{Heap after GC invocations=24 (full 0):
 garbage-first heap   total 169984K, used 78025K [0x0000000725400000, 0x0000000800000000)
  region size 2048K, 4 young (8192K), 4 survivors (8192K)
 Metaspace       used 58206K, capacity 58800K, committed 58952K, reserved 1099776K
  class space    used 7972K, capacity 8158K, committed 8192K, reserved 1048576K
}
Event: 6.158 GC heap before
{Heap before GC invocations=24 (full 0):
 garbage-first heap   total 169984K, used 80073K [0x0000000725400000, 0x0000000800000000)
  region size 2048K, 5 young (10240K), 4 survivors (8192K)
 Metaspace       used 58206K, capacity 58800K, committed 58952K, reserved 1099776K
  class space    used 7972K, capacity 8158K, committed 8192K, reserved 1048576K
}
Event: 6.180 GC heap after
{Heap after GC invocations=25 (full 0):
 garbage-first heap   total 169984K, used 68268K [0x0000000725400000, 0x0000000800000000)
  region size 2048K, 1 young (2048K), 1 survivors (2048K)
 Metaspace       used 58206K, capacity 58800K, committed 58952K, reserved 1099776K
  class space    used 7972K, capacity 8158K, committed 8192K, reserved 1048576K
}
Event: 13.770 GC heap before
{Heap before GC invocations=25 (full 0):
 garbage-first heap   total 169984K, used 113324K [0x0000000725400000, 0x0000000800000000)
  region size 2048K, 24 young (49152K), 1 survivors (2048K)
 Metaspace       used 65127K, capacity 65765K, committed 65992K, reserved 1105920K
  class space    used 8807K, capacity 9020K, committed 9088K, reserved 1048576K
}
Event: 13.781 GC heap after
{Heap after GC invocations=26 (full 0):
 garbage-first heap   total 169984K, used 74957K [0x0000000725400000, 0x0000000800000000)
  region size 2048K, 3 young (6144K), 3 survivors (6144K)
 Metaspace       used 65127K, capacity 65765K, committed 65992K, reserved 1105920K
  class space    used 8807K, capacity 9020K, committed 9088K, reserved 1048576K
}
Event: 14.123 GC heap before
{Heap before GC invocations=26 (full 0):
 garbage-first heap   total 169984K, used 120013K [0x0000000725400000, 0x0000000800000000)
  region size 2048K, 25 young (51200K), 3 survivors (6144K)
 Metaspace       used 66842K, capacity 67499K, committed 67784K, reserved 1107968K
  class space    used 9049K, capacity 9277K, committed 9344K, reserved 1048576K
}

