# JRE version: OpenJDK Runtime Environment Zulu15.46+17-CA (15.0.10+5) (build 15.0.10+5-MTS)
# Java VM: OpenJDK 64-Bit Server VM Zulu15.46+17-CA (15.0.10+5-MTS, mixed mode, sharing, tiered, compressed oops, g1 gc, windows-amd64)
GC Precious Log:
 CPUs: 8 total, 8 available
 Memory: 8050M
 Large Page Support: Disabled
 NUMA Support: Disabled
 Compressed Oops: Enabled (32-bit)
 Heap Region Size: 1M
 Heap Min Capacity: 8M
 Heap Initial Capacity: 126M
 Heap Max Capacity: 2014M
 Pre-touch: Disabled
 Parallel Workers: 8
 Concurrent Workers: 2
 Concurrent Refinement Workers: 8
 Periodic GC: Disabled
Heap:
 garbage-first heap   total 107520K, used 61825K [0x0000000082200000, 0x0000000100000000)
  region size 1024K, 16 young (16384K), 3 survivors (3072K)
 Metaspace       used 58296K, capacity 58848K, committed 58960K, reserved 1099776K
  class space    used 7964K, capacity 8153K, committed 8192K, reserved 1048576K
GC Heap History (20 events):
Event: 2.360 GC heap before
{Heap before GC invocations=8 (full 0):
 garbage-first heap   total 59392K, used 42270K [0x0000000082200000, 0x0000000100000000)
  region size 1024K, 30 young (30720K), 5 survivors (5120K)
 Metaspace       used 33034K, capacity 33545K, committed 33840K, reserved 1079296K
  class space    used 4460K, capacity 4622K, committed 4736K, reserved 1048576K
}
Event: 2.364 GC heap after
{Heap after GC invocations=9 (full 0):
 garbage-first heap   total 59392K, used 18432K [0x0000000082200000, 0x0000000100000000)
  region size 1024K, 2 young (2048K), 2 survivors (2048K)
 Metaspace       used 33034K, capacity 33545K, committed 33840K, reserved 1079296K
  class space    used 4460K, capacity 4622K, committed 4736K, reserved 1048576K
}
Event: 2.784 GC heap before
{Heap before GC invocations=9 (full 0):
 garbage-first heap   total 59392K, used 44032K [0x0000000082200000, 0x0000000100000000)
  region size 1024K, 27 young (27648K), 2 survivors (2048K)
 Metaspace       used 39098K, capacity 39541K, committed 39856K, reserved 1083392K
  class space    used 5397K, capacity 5553K, committed 5632K, reserved 1048576K
}
Event: 2.788 GC heap after
{Heap after GC invocations=10 (full 0):
 garbage-first heap   total 59392K, used 19686K [0x0000000082200000, 0x0000000100000000)
  region size 1024K, 3 young (3072K), 3 survivors (3072K)
 Metaspace       used 39098K, capacity 39541K, committed 39856K, reserved 1083392K
  class space    used 5397K, capacity 5553K, committed 5632K, reserved 1048576K
}
Event: 3.015 GC heap before
{Heap before GC invocations=10 (full 0):
 garbage-first heap   total 59392K, used 31974K [0x0000000082200000, 0x0000000100000000)
  region size 1024K, 17 young (17408K), 3 survivors (3072K)
 Metaspace       used 42356K, capacity 42808K, committed 42960K, reserved 1087488K
  class space    used 5790K, capacity 5938K, committed 6016K, reserved 1048576K
}
Event: 3.019 GC heap after
{Heap after GC invocations=11 (full 0):
 garbage-first heap   total 71680K, used 20607K [0x0000000082200000, 0x0000000100000000)
  region size 1024K, 3 young (3072K), 3 survivors (3072K)
 Metaspace       used 42356K, capacity 42808K, committed 42960K, reserved 1087488K
  class space    used 5790K, capacity 5938K, committed 6016K, reserved 1048576K
}
Event: 3.502 GC heap before
{Heap before GC invocations=12 (full 0):
 garbage-first heap   total 71680K, used 55423K [0x0000000082200000, 0x0000000100000000)
  region size 1024K, 37 young (37888K), 3 survivors (3072K)
 Metaspace       used 48932K, capacity 49474K, committed 49616K, reserved 1091584K
  class space    used 6785K, capacity 6941K, committed 7040K, reserved 1048576K
}
Event: 3.508 GC heap after
{Heap after GC invocations=13 (full 0):
 garbage-first heap   total 71680K, used 22482K [0x0000000082200000, 0x0000000100000000)
  region size 1024K, 5 young (5120K), 5 survivors (5120K)
 Metaspace       used 48932K, capacity 49474K, committed 49616K, reserved 1091584K
  class space    used 6785K, capacity 6941K, committed 7040K, reserved 1048576K
}
Event: 3.886 GC heap before
{Heap before GC invocations=13 (full 0):
 garbage-first heap   total 71680K, used 55250K [0x0000000082200000, 0x0000000100000000)
  region size 1024K, 37 young (37888K), 5 survivors (5120K)
 Metaspace       used 54317K, capacity 54876K, committed 55120K, reserved 1097728K
  class space    used 7477K, capacity 7668K, committed 7680K, reserved 1048576K
}
Event: 3.891 GC heap after
{Heap after GC invocations=14 (full 0):
 garbage-first heap   total 71680K, used 24702K [0x0000000082200000, 0x0000000100000000)
  region size 1024K, 5 young (5120K), 5 survivors (5120K)
 Metaspace       used 54317K, capacity 54876K, committed 55120K, reserved 1097728K
  class space    used 7477K, capacity 7668K, committed 7680K, reserved 1048576K
}
Event: 4.235 GC heap before
{Heap before GC invocations=14 (full 0):
 garbage-first heap   total 71680K, used 55422K [0x0000000082200000, 0x0000000100000000)
  region size 1024K, 35 young (35840K), 5 survivors (5120K)
 Metaspace       used 57979K, capacity 58542K, committed 58704K, reserved 1099776K
  class space    used 7935K, capacity 8117K, committed 8192K, reserved 1048576K
}
Event: 4.241 GC heap after
{Heap after GC invocations=15 (full 0):
 garbage-first heap   total 71680K, used 27164K [0x0000000082200000, 0x0000000100000000)
  region size 1024K, 5 young (5120K), 5 survivors (5120K)
 Metaspace       used 57979K, capacity 58542K, committed 58704K, reserved 1099776K
  class space    used 7935K, capacity 8117K, committed 8192K, reserved 1048576K
}
Event: 4.314 GC heap before
{Heap before GC invocations=15 (full 0):
 garbage-first heap   total 71680K, used 56860K [0x0000000082200000, 0x0000000100000000)
  region size 1024K, 34 young (34816K), 5 survivors (5120K)
 Metaspace       used 58175K, capacity 58766K, committed 58960K, reserved 1099776K
  class space    used 7951K, capacity 8149K, committed 8192K, reserved 1048576K
}
Event: 4.321 GC heap after
{Heap after GC invocations=16 (full 0):
 garbage-first heap   total 86016K, used 32984K [0x0000000082200000, 0x0000000100000000)
  region size 1024K, 5 young (5120K), 5 survivors (5120K)
 Metaspace       used 58175K, capacity 58766K, committed 58960K, reserved 1099776K
  class space    used 7951K, capacity 8149K, committed 8192K, reserved 1048576K
}
Event: 4.425 GC heap before
{Heap before GC invocations=16 (full 0):
 garbage-first heap   total 86016K, used 65752K [0x0000000082200000, 0x0000000100000000)
  region size 1024K, 37 young (37888K), 5 survivors (5120K)
 Metaspace       used 58280K, capacity 58833K, committed 58960K, reserved 1099776K
  class space    used 7962K, capacity 8150K, committed 8192K, reserved 1048576K
}
Event: 4.432 GC heap after
{Heap after GC invocations=17 (full 0):
 garbage-first heap   total 86016K, used 41784K [0x0000000082200000, 0x0000000100000000)
  region size 1024K, 5 young (5120K), 5 survivors (5120K)
 Metaspace       used 58280K, capacity 58833K, committed 58960K, reserved 1099776K
  class space    used 7962K, capacity 8150K, committed 8192K, reserved 1048576K
}
Event: 4.513 GC heap before
{Heap before GC invocations=17 (full 0):
 garbage-first heap   total 86016K, used 65336K [0x0000000082200000, 0x0000000100000000)
  region size 1024K, 28 young (28672K), 5 survivors (5120K)
 Metaspace       used 58286K, capacity 58833K, committed 58960K, reserved 1099776K
  class space    used 7962K, capacity 8150K, committed 8192K, reserved 1048576K
}
Event: 4.519 GC heap after
{Heap after GC invocations=18 (full 0):
 garbage-first heap   total 86016K, used 49412K [0x0000000082200000, 0x0000000100000000)
  region size 1024K, 4 young (4096K), 4 survivors (4096K)
 Metaspace       used 58286K, capacity 58833K, committed 58960K, reserved 1099776K
  class space    used 7962K, capacity 8150K, committed 8192K, reserved 1048576K
}
Event: 4.536 GC heap before
{Heap before GC invocations=18 (full 0):
 garbage-first heap   total 86016K, used 65796K [0x0000000082200000, 0x0000000100000000)
  region size 1024K, 20 young (20480K), 4 survivors (4096K)
 Metaspace       used 58286K, capacity 58833K, committed 58960K, reserved 1099776K
  class space    used 7962K, capacity 8150K, committed 8192K, reserved 1048576K
}
Event: 4.540 GC heap after
{Heap after GC invocations=19 (full 0):
 garbage-first heap   total 86016K, used 52609K [0x0000000082200000, 0x0000000100000000)
  region size 1024K, 3 young (3072K), 3 survivors (3072K)
 Metaspace       used 58286K, capacity 58833K, committed 58960K, reserved 1099776K
  class space    used 7962K, capacity 8150K, committed 8192K, reserved 1048576K
}

