# JRE version: OpenJDK Runtime Environment Zulu15.46+17-CA (15.0.10+5) (build 15.0.10+5-MTS)
# Java VM: OpenJDK 64-Bit Server VM Zulu15.46+17-CA (15.0.10+5-MTS, mixed mode, sharing, tiered, compressed oops, g1 gc, windows-amd64)
GC Precious Log:
 CPUs: 8 total, 8 available
 Memory: 8050M
 Large Page Support: Disabled
 NUMA Support: Disabled
 Compressed Oops: Enabled (32-bit)
 Heap Region Size: 1M
 Heap Min Capacity: 8M
 Heap Initial Capacity: 126M
 Heap Max Capacity: 2014M
 Pre-touch: Disabled
 Parallel Workers: 8
 Concurrent Workers: 2
 Concurrent Refinement Workers: 8
 Periodic GC: Disabled
Heap:
 garbage-first heap   total 121856K, used 54408K [0x0000000082200000, 0x0000000100000000)
  region size 1024K, 4 young (4096K), 4 survivors (4096K)
 Metaspace       used 58295K, capacity 58848K, committed 59044K, reserved 1099776K
  class space    used 7967K, capacity 8153K, committed 8268K, reserved 1048576K
GC Heap History (20 events):
Event: 3.231 GC heap after
{Heap after GC invocations=11 (full 0):
 garbage-first heap   total 59392K, used 20345K [0x0000000082200000, 0x0000000100000000)
  region size 1024K, 3 young (3072K), 3 survivors (3072K)
 Metaspace       used 42067K, capacity 42552K, committed 42660K, reserved 1085440K
  class space    used 5766K, capacity 5938K, committed 5964K, reserved 1048576K
}
Event: 3.603 GC heap before
{Heap before GC invocations=12 (full 0):
 garbage-first heap   total 59392K, used 43897K [0x0000000082200000, 0x0000000100000000)
  region size 1024K, 27 young (27648K), 3 survivors (3072K)
 Metaspace       used 47234K, capacity 47760K, committed 48036K, reserved 1091584K
  class space    used 6554K, capacity 6712K, committed 6732K, reserved 1048576K
}
Event: 3.606 GC heap after
{Heap after GC invocations=13 (full 0):
 garbage-first heap   total 71680K, used 21642K [0x0000000082200000, 0x0000000100000000)
  region size 1024K, 3 young (3072K), 3 survivors (3072K)
 Metaspace       used 47234K, capacity 47760K, committed 48036K, reserved 1091584K
  class space    used 6554K, capacity 6712K, committed 6732K, reserved 1048576K
}
Event: 4.029 GC heap before
{Heap before GC invocations=13 (full 0):
 garbage-first heap   total 71680K, used 55434K [0x0000000082200000, 0x0000000100000000)
  region size 1024K, 36 young (36864K), 3 survivors (3072K)
 Metaspace       used 53163K, capacity 53732K, committed 54052K, reserved 1095680K
  class space    used 7333K, capacity 7501K, committed 7628K, reserved 1048576K
}
Event: 4.032 GC heap after
{Heap after GC invocations=14 (full 0):
 garbage-first heap   total 71680K, used 23680K [0x0000000082200000, 0x0000000100000000)
  region size 1024K, 5 young (5120K), 5 survivors (5120K)
 Metaspace       used 53163K, capacity 53732K, committed 54052K, reserved 1095680K
  class space    used 7333K, capacity 7501K, committed 7628K, reserved 1048576K
}
Event: 4.347 GC heap before
{Heap before GC invocations=14 (full 0):
 garbage-first heap   total 71680K, used 55424K [0x0000000082200000, 0x0000000100000000)
  region size 1024K, 36 young (36864K), 5 survivors (5120K)
 Metaspace       used 56789K, capacity 57329K, committed 57508K, reserved 1099776K
  class space    used 7801K, capacity 7993K, committed 8012K, reserved 1048576K
}
Event: 4.351 GC heap after
{Heap after GC invocations=15 (full 0):
 garbage-first heap   total 71680K, used 26311K [0x0000000082200000, 0x0000000100000000)
  region size 1024K, 5 young (5120K), 5 survivors (5120K)
 Metaspace       used 56789K, capacity 57329K, committed 57508K, reserved 1099776K
  class space    used 7801K, capacity 7993K, committed 8012K, reserved 1048576K
}
Event: 4.541 GC heap before
{Heap before GC invocations=15 (full 0):
 garbage-first heap   total 71680K, used 57031K [0x0000000082200000, 0x0000000100000000)
  region size 1024K, 34 young (34816K), 5 survivors (5120K)
 Metaspace       used 58169K, capacity 58766K, committed 59044K, reserved 1099776K
  class space    used 7954K, capacity 8149K, committed 8268K, reserved 1048576K
}
Event: 4.547 GC heap after
{Heap after GC invocations=16 (full 0):
 garbage-first heap   total 71680K, used 31492K [0x0000000082200000, 0x0000000100000000)
  region size 1024K, 5 young (5120K), 5 survivors (5120K)
 Metaspace       used 58169K, capacity 58766K, committed 59044K, reserved 1099776K
  class space    used 7954K, capacity 8149K, committed 8268K, reserved 1048576K
}
Event: 4.658 GC heap before
{Heap before GC invocations=16 (full 0):
 garbage-first heap   total 71680K, used 56068K [0x0000000082200000, 0x0000000100000000)
  region size 1024K, 28 young (28672K), 5 survivors (5120K)
 Metaspace       used 58275K, capacity 58833K, committed 59044K, reserved 1099776K
  class space    used 7966K, capacity 8150K, committed 8268K, reserved 1048576K
}
Event: 4.665 GC heap after
{Heap after GC invocations=17 (full 0):
 garbage-first heap   total 71680K, used 39166K [0x0000000082200000, 0x0000000100000000)
  region size 1024K, 4 young (4096K), 4 survivors (4096K)
 Metaspace       used 58275K, capacity 58833K, committed 59044K, reserved 1099776K
  class space    used 7966K, capacity 8150K, committed 8268K, reserved 1048576K
}
Event: 4.682 GC heap before
{Heap before GC invocations=17 (full 0):
 garbage-first heap   total 71680K, used 52478K [0x0000000082200000, 0x0000000100000000)
  region size 1024K, 18 young (18432K), 4 survivors (4096K)
 Metaspace       used 58275K, capacity 58833K, committed 59044K, reserved 1099776K
  class space    used 7966K, capacity 8150K, committed 8268K, reserved 1048576K
}
Event: 4.687 GC heap after
{Heap after GC invocations=18 (full 0):
 garbage-first heap   total 86016K, used 41596K [0x0000000082200000, 0x0000000100000000)
  region size 1024K, 3 young (3072K), 3 survivors (3072K)
 Metaspace       used 58275K, capacity 58833K, committed 59044K, reserved 1099776K
  class space    used 7966K, capacity 8150K, committed 8268K, reserved 1048576K
}
Event: 4.796 GC heap before
{Heap before GC invocations=19 (full 0):
 garbage-first heap   total 101376K, used 62076K [0x0000000082200000, 0x0000000100000000)
  region size 1024K, 24 young (24576K), 3 survivors (3072K)
 Metaspace       used 58286K, capacity 58833K, committed 59044K, reserved 1099776K
  class space    used 7966K, capacity 8150K, committed 8268K, reserved 1048576K
}
Event: 4.801 GC heap after
{Heap after GC invocations=20 (full 0):
 garbage-first heap   total 101376K, used 47721K [0x0000000082200000, 0x0000000100000000)
  region size 1024K, 3 young (3072K), 3 survivors (3072K)
 Metaspace       used 58286K, capacity 58833K, committed 59044K, reserved 1099776K
  class space    used 7966K, capacity 8150K, committed 8268K, reserved 1048576K
}
Event: 4.804 GC heap before
{Heap before GC invocations=20 (full 0):
 garbage-first heap   total 101376K, used 48745K [0x0000000082200000, 0x0000000100000000)
  region size 1024K, 4 young (4096K), 3 survivors (3072K)
 Metaspace       used 58286K, capacity 58833K, committed 59044K, reserved 1099776K
  class space    used 7966K, capacity 8150K, committed 8268K, reserved 1048576K
}
Event: 4.809 GC heap after
{Heap after GC invocations=21 (full 0):
 garbage-first heap   total 101376K, used 43527K [0x0000000082200000, 0x0000000100000000)
  region size 1024K, 1 young (1024K), 1 survivors (1024K)
 Metaspace       used 58286K, capacity 58833K, committed 59044K, reserved 1099776K
  class space    used 7966K, capacity 8150K, committed 8268K, reserved 1048576K
}
Event: 4.846 GC heap before
{Heap before GC invocations=21 (full 0):
 garbage-first heap   total 101376K, used 73223K [0x0000000082200000, 0x0000000100000000)
  region size 1024K, 29 young (29696K), 1 survivors (1024K)
 Metaspace       used 58286K, capacity 58833K, committed 59044K, reserved 1099776K
  class space    used 7966K, capacity 8150K, committed 8268K, reserved 1048576K
}
Event: 4.850 GC heap after
{Heap after GC invocations=22 (full 0):
 garbage-first heap   total 101376K, used 50340K [0x0000000082200000, 0x0000000100000000)
  region size 1024K, 4 young (4096K), 4 survivors (4096K)
 Metaspace       used 58286K, capacity 58833K, committed 59044K, reserved 1099776K
  class space    used 7966K, capacity 8150K, committed 8268K, reserved 1048576K
}
Event: 4.920 GC heap before
{Heap before GC invocations=22 (full 0):
 garbage-first heap   total 101376K, used 59556K [0x0000000082200000, 0x0000000100000000)
  region size 1024K, 14 young (14336K), 4 survivors (4096K)
 Metaspace       used 58295K, capacity 58848K, committed 59044K, reserved 1099776K
  class space    used 7967K, capacity 8153K, committed 8268K, reserved 1048576K
}

