# JRE version: OpenJDK Runtime Environment Zulu15.46+17-CA (15.0.10+5) (build 15.0.10+5-MTS)
# Java VM: OpenJDK 64-Bit Server VM Zulu15.46+17-CA (15.0.10+5-MTS, mixed mode, sharing, tiered, compressed oops, g1 gc, windows-amd64)
GC Precious Log:
 CPUs: 8 total, 8 available
 Memory: 8050M
 Large Page Support: Disabled
 NUMA Support: Disabled
 Compressed Oops: Enabled (Zero based)
 Heap Region Size: 2M
 Heap Min Capacity: 8M
 Heap Initial Capacity: 126M
 Heap Max Capacity: 3500M
 Pre-touch: Disabled
 Parallel Workers: 8
 Concurrent Workers: 2
 Concurrent Refinement Workers: 8
 Periodic GC: Disabled
Heap:
 garbage-first heap   total 131072K, used 56692K [0x0000000725400000, 0x0000000800000000)
  region size 2048K, 2 young (4096K), 2 survivors (4096K)
 Metaspace       used 58300K, capacity 58929K, committed 59124K, reserved 1099776K
  class space    used 7971K, capacity 8157K, committed 8268K, reserved 1048576K
GC Heap History (20 events):
Event: 3.875 GC heap after
{Heap after GC invocations=13 (full 0):
 garbage-first heap   total 65536K, used 21283K [0x0000000725400000, 0x0000000800000000)
  region size 2048K, 2 young (4096K), 2 survivors (4096K)
 Metaspace       used 48692K, capacity 49182K, committed 49396K, reserved 1091584K
  class space    used 6776K, capacity 6973K, committed 6988K, reserved 1048576K
}
Event: 4.233 GC heap before
{Heap before GC invocations=13 (full 0):
 garbage-first heap   total 65536K, used 47907K [0x0000000725400000, 0x0000000800000000)
  region size 2048K, 15 young (30720K), 2 survivors (4096K)
 Metaspace       used 53253K, capacity 53766K, committed 53876K, reserved 1095680K
  class space    used 7347K, capacity 7534K, committed 7628K, reserved 1048576K
}
Event: 4.237 GC heap after
{Heap after GC invocations=14 (full 0):
 garbage-first heap   total 65536K, used 23067K [0x0000000725400000, 0x0000000800000000)
  region size 2048K, 2 young (4096K), 2 survivors (4096K)
 Metaspace       used 53253K, capacity 53766K, committed 53876K, reserved 1095680K
  class space    used 7347K, capacity 7534K, committed 7628K, reserved 1048576K
}
Event: 4.485 GC heap before
{Heap before GC invocations=14 (full 0):
 garbage-first heap   total 65536K, used 49691K [0x0000000725400000, 0x0000000800000000)
  region size 2048K, 15 young (30720K), 2 survivors (4096K)
 Metaspace       used 55903K, capacity 56467K, committed 56820K, reserved 1097728K
  class space    used 7682K, capacity 7897K, committed 8012K, reserved 1048576K
}
Event: 4.489 GC heap after
{Heap after GC invocations=15 (full 0):
 garbage-first heap   total 79872K, used 25010K [0x0000000725400000, 0x0000000800000000)
  region size 2048K, 2 young (4096K), 2 survivors (4096K)
 Metaspace       used 55903K, capacity 56467K, committed 56820K, reserved 1097728K
  class space    used 7682K, capacity 7897K, committed 8012K, reserved 1048576K
}
Event: 4.789 GC heap before
{Heap before GC invocations=15 (full 0):
 garbage-first heap   total 79872K, used 59826K [0x0000000725400000, 0x0000000800000000)
  region size 2048K, 20 young (40960K), 2 survivors (4096K)
 Metaspace       used 58168K, capacity 58719K, committed 58868K, reserved 1099776K
  class space    used 7958K, capacity 8153K, committed 8268K, reserved 1048576K
}
Event: 4.796 GC heap after
{Heap after GC invocations=16 (full 0):
 garbage-first heap   total 79872K, used 30476K [0x0000000725400000, 0x0000000800000000)
  region size 2048K, 3 young (6144K), 3 survivors (6144K)
 Metaspace       used 58168K, capacity 58719K, committed 58868K, reserved 1099776K
  class space    used 7958K, capacity 8153K, committed 8268K, reserved 1048576K
}
Event: 4.909 GC heap before
{Heap before GC invocations=16 (full 0):
 garbage-first heap   total 79872K, used 57100K [0x0000000725400000, 0x0000000800000000)
  region size 2048K, 17 young (34816K), 3 survivors (6144K)
 Metaspace       used 58273K, capacity 58850K, committed 59124K, reserved 1099776K
  class space    used 7969K, capacity 8154K, committed 8268K, reserved 1048576K
}
Event: 4.916 GC heap after
{Heap after GC invocations=17 (full 0):
 garbage-first heap   total 79872K, used 38436K [0x0000000725400000, 0x0000000800000000)
  region size 2048K, 3 young (6144K), 3 survivors (6144K)
 Metaspace       used 58273K, capacity 58850K, committed 59124K, reserved 1099776K
  class space    used 7969K, capacity 8154K, committed 8268K, reserved 1048576K
}
Event: 4.947 GC heap before
{Heap before GC invocations=17 (full 0):
 garbage-first heap   total 79872K, used 54820K [0x0000000725400000, 0x0000000800000000)
  region size 2048K, 12 young (24576K), 3 survivors (6144K)
 Metaspace       used 58273K, capacity 58850K, committed 59124K, reserved 1099776K
  class space    used 7969K, capacity 8154K, committed 8268K, reserved 1048576K
}
Event: 4.952 GC heap after
{Heap after GC invocations=18 (full 0):
 garbage-first heap   total 79872K, used 42552K [0x0000000725400000, 0x0000000800000000)
  region size 2048K, 2 young (4096K), 2 survivors (4096K)
 Metaspace       used 58273K, capacity 58850K, committed 59124K, reserved 1099776K
  class space    used 7969K, capacity 8154K, committed 8268K, reserved 1048576K
}
Event: 5.035 GC heap before
{Heap before GC invocations=18 (full 0):
 garbage-first heap   total 79872K, used 58936K [0x0000000725400000, 0x0000000800000000)
  region size 2048K, 10 young (20480K), 2 survivors (4096K)
 Metaspace       used 58286K, capacity 58914K, committed 59124K, reserved 1099776K
  class space    used 7969K, capacity 8154K, committed 8268K, reserved 1048576K
}
Event: 5.040 GC heap after
{Heap after GC invocations=19 (full 0):
 garbage-first heap   total 96256K, used 48303K [0x0000000725400000, 0x0000000800000000)
  region size 2048K, 2 young (4096K), 2 survivors (4096K)
 Metaspace       used 58286K, capacity 58914K, committed 59124K, reserved 1099776K
  class space    used 7969K, capacity 8154K, committed 8268K, reserved 1048576K
}
Event: 5.080 GC heap before
{Heap before GC invocations=19 (full 0):
 garbage-first heap   total 96256K, used 70831K [0x0000000725400000, 0x0000000800000000)
  region size 2048K, 13 young (26624K), 2 survivors (4096K)
 Metaspace       used 58291K, capacity 58914K, committed 59124K, reserved 1099776K
  class space    used 7969K, capacity 8154K, committed 8268K, reserved 1048576K
}
Event: 5.084 GC heap after
{Heap after GC invocations=20 (full 0):
 garbage-first heap   total 96256K, used 52646K [0x0000000725400000, 0x0000000800000000)
  region size 2048K, 2 young (4096K), 2 survivors (4096K)
 Metaspace       used 58291K, capacity 58914K, committed 59124K, reserved 1099776K
  class space    used 7969K, capacity 8154K, committed 8268K, reserved 1048576K
}
Event: 5.175 GC heap before
{Heap before GC invocations=21 (full 0):
 garbage-first heap   total 106496K, used 69030K [0x0000000725400000, 0x0000000800000000)
  region size 2048K, 11 young (22528K), 2 survivors (4096K)
 Metaspace       used 58300K, capacity 58929K, committed 59124K, reserved 1099776K
  class space    used 7971K, capacity 8157K, committed 8268K, reserved 1048576K
}
Event: 5.183 GC heap after
{Heap after GC invocations=22 (full 0):
 garbage-first heap   total 106496K, used 59407K [0x0000000725400000, 0x0000000800000000)
  region size 2048K, 2 young (4096K), 2 survivors (4096K)
 Metaspace       used 58300K, capacity 58929K, committed 59124K, reserved 1099776K
  class space    used 7971K, capacity 8157K, committed 8268K, reserved 1048576K
}
Event: 5.185 GC heap before
{Heap before GC invocations=22 (full 0):
 garbage-first heap   total 106496K, used 61455K [0x0000000725400000, 0x0000000800000000)
  region size 2048K, 3 young (6144K), 2 survivors (4096K)
 Metaspace       used 58300K, capacity 58929K, committed 59124K, reserved 1099776K
  class space    used 7971K, capacity 8157K, committed 8268K, reserved 1048576K
}
Event: 5.189 GC heap after
{Heap after GC invocations=23 (full 0):
 garbage-first heap   total 106496K, used 51634K [0x0000000725400000, 0x0000000800000000)
  region size 2048K, 1 young (2048K), 1 survivors (2048K)
 Metaspace       used 58300K, capacity 58929K, committed 59124K, reserved 1099776K
  class space    used 7971K, capacity 8157K, committed 8268K, reserved 1048576K
}
Event: 5.221 GC heap before
{Heap before GC invocations=23 (full 0):
 garbage-first heap   total 106496K, used 74162K [0x0000000725400000, 0x0000000800000000)
  region size 2048K, 12 young (24576K), 1 survivors (2048K)
 Metaspace       used 58300K, capacity 58929K, committed 59124K, reserved 1099776K
  class space    used 7971K, capacity 8157K, committed 8268K, reserved 1048576K
}

