# JRE version: OpenJDK Runtime Environment Zulu15.46+17-CA (15.0.10+5) (build 15.0.10+5-MTS)
# Java VM: OpenJDK 64-Bit Server VM Zulu15.46+17-CA (15.0.10+5-MTS, mixed mode, sharing, tiered, compressed oops, g1 gc, windows-amd64)
GC Precious Log:
 CPUs: 8 total, 8 available
 Memory: 8050M
 Large Page Support: Disabled
 NUMA Support: Disabled
 Compressed Oops: Enabled (32-bit)
 Heap Region Size: 1M
 Heap Min Capacity: 8M
 Heap Initial Capacity: 126M
 Heap Max Capacity: 2014M
 Pre-touch: Disabled
 Parallel Workers: 8
 Concurrent Workers: 2
 Concurrent Refinement Workers: 8
 Periodic GC: Disabled
Heap:
 garbage-first heap   total 83968K, used 26535K [0x0000000082200000, 0x0000000100000000)
  region size 1024K, 4 young (4096K), 4 survivors (4096K)
 Metaspace       used 56747K, capacity 57311K, committed 57372K, reserved 1105920K
  class space    used 7789K, capacity 7992K, committed 8044K, reserved 1048576K
GC Heap History (20 events):
Event: 1.181 GC heap after
{Heap after GC invocations=2 (full 0):
 garbage-first heap   total 129024K, used 10324K [0x0000000082200000, 0x0000000100000000)
  region size 1024K, 2 young (2048K), 2 survivors (2048K)
 Metaspace       used 12388K, capacity 12657K, committed 12800K, reserved 1060864K
  class space    used 1656K, capacity 1759K, committed 1792K, reserved 1048576K
}
Event: 1.543 GC heap before
{Heap before GC invocations=2 (full 0):
 garbage-first heap   total 129024K, used 51284K [0x0000000082200000, 0x0000000100000000)
  region size 1024K, 43 young (44032K), 2 survivors (2048K)
 Metaspace       used 20686K, capacity 21049K, committed 21120K, reserved 1067008K
  class space    used 2790K, capacity 2890K, committed 2944K, reserved 1048576K
}
Event: 1.547 GC heap after
{Heap after GC invocations=3 (full 0):
 garbage-first heap   total 129024K, used 12697K [0x0000000082200000, 0x0000000100000000)
  region size 1024K, 4 young (4096K), 4 survivors (4096K)
 Metaspace       used 20686K, capacity 21049K, committed 21120K, reserved 1067008K
  class space    used 2790K, capacity 2890K, committed 2944K, reserved 1048576K
}
Event: 1.553 GC heap before
{Heap before GC invocations=3 (full 0):
 garbage-first heap   total 129024K, used 13721K [0x0000000082200000, 0x0000000100000000)
  region size 1024K, 6 young (6144K), 4 survivors (4096K)
 Metaspace       used 20874K, capacity 21209K, committed 21296K, reserved 1067008K
  class space    used 2808K, capacity 2922K, committed 2944K, reserved 1048576K
}
Event: 1.556 GC heap after
{Heap after GC invocations=4 (full 0):
 garbage-first heap   total 129024K, used 12800K [0x0000000082200000, 0x0000000100000000)
  region size 1024K, 4 young (4096K), 4 survivors (4096K)
 Metaspace       used 20874K, capacity 21209K, committed 21296K, reserved 1067008K
  class space    used 2808K, capacity 2922K, committed 2944K, reserved 1048576K
}
Event: 1.866 GC heap before
{Heap before GC invocations=5 (full 0):
 garbage-first heap   total 51200K, used 49664K [0x0000000082200000, 0x0000000100000000)
  region size 1024K, 41 young (41984K), 4 survivors (4096K)
 Metaspace       used 25026K, capacity 25397K, committed 25520K, reserved 1071104K
  class space    used 3398K, capacity 3524K, committed 3584K, reserved 1048576K
}
Event: 1.872 GC heap after
{Heap after GC invocations=6 (full 0):
 garbage-first heap   total 57344K, used 14543K [0x0000000082200000, 0x0000000100000000)
  region size 1024K, 6 young (6144K), 6 survivors (6144K)
 Metaspace       used 25026K, capacity 25397K, committed 25520K, reserved 1071104K
  class space    used 3398K, capacity 3524K, committed 3584K, reserved 1048576K
}
Event: 2.194 GC heap before
{Heap before GC invocations=6 (full 0):
 garbage-first heap   total 57344K, used 41167K [0x0000000082200000, 0x0000000100000000)
  region size 1024K, 32 young (32768K), 6 survivors (6144K)
 Metaspace       used 28556K, capacity 28961K, committed 29104K, reserved 1075200K
  class space    used 3877K, capacity 3997K, committed 4096K, reserved 1048576K
}
Event: 2.204 GC heap after
{Heap after GC invocations=7 (full 0):
 garbage-first heap   total 57344K, used 16233K [0x0000000082200000, 0x0000000100000000)
  region size 1024K, 4 young (4096K), 4 survivors (4096K)
 Metaspace       used 28556K, capacity 28961K, committed 29104K, reserved 1075200K
  class space    used 3877K, capacity 3997K, committed 4096K, reserved 1048576K
}
Event: 2.493 GC heap before
{Heap before GC invocations=7 (full 0):
 garbage-first heap   total 57344K, used 41833K [0x0000000082200000, 0x0000000100000000)
  region size 1024K, 29 young (29696K), 4 survivors (4096K)
 Metaspace       used 32382K, capacity 32884K, committed 32944K, reserved 1077248K
  class space    used 4365K, capacity 4555K, committed 4608K, reserved 1048576K
}
Event: 2.501 GC heap after
{Heap after GC invocations=8 (full 0):
 garbage-first heap   total 69632K, used 18165K [0x0000000082200000, 0x0000000100000000)
  region size 1024K, 4 young (4096K), 4 survivors (4096K)
 Metaspace       used 32382K, capacity 32884K, committed 32944K, reserved 1077248K
  class space    used 4365K, capacity 4555K, committed 4608K, reserved 1048576K
}
Event: 2.764 GC heap before
{Heap before GC invocations=8 (full 0):
 garbage-first heap   total 69632K, used 35573K [0x0000000082200000, 0x0000000100000000)
  region size 1024K, 22 young (22528K), 4 survivors (4096K)
 Metaspace       used 35407K, capacity 35869K, committed 35888K, reserved 1081344K
  class space    used 4804K, capacity 4974K, committed 4992K, reserved 1048576K
}
Event: 2.769 GC heap after
{Heap after GC invocations=9 (full 0):
 garbage-first heap   total 69632K, used 19181K [0x0000000082200000, 0x0000000100000000)
  region size 1024K, 4 young (4096K), 4 survivors (4096K)
 Metaspace       used 35407K, capacity 35869K, committed 35888K, reserved 1081344K
  class space    used 4804K, capacity 4974K, committed 4992K, reserved 1048576K
}
Event: 3.325 GC heap before
{Heap before GC invocations=10 (full 0):
 garbage-first heap   total 69632K, used 51949K [0x0000000082200000, 0x0000000100000000)
  region size 1024K, 36 young (36864K), 4 survivors (4096K)
 Metaspace       used 43212K, capacity 43695K, committed 43932K, reserved 1087488K
  class space    used 5904K, capacity 6067K, committed 6124K, reserved 1048576K
}
Event: 3.329 GC heap after
{Heap after GC invocations=11 (full 0):
 garbage-first heap   total 69632K, used 21208K [0x0000000082200000, 0x0000000100000000)
  region size 1024K, 4 young (4096K), 4 survivors (4096K)
 Metaspace       used 43212K, capacity 43695K, committed 43932K, reserved 1087488K
  class space    used 5904K, capacity 6067K, committed 6124K, reserved 1048576K
}
Event: 3.780 GC heap before
{Heap before GC invocations=11 (full 0):
 garbage-first heap   total 69632K, used 51928K [0x0000000082200000, 0x0000000100000000)
  region size 1024K, 34 young (34816K), 4 survivors (4096K)
 Metaspace       used 49035K, capacity 49526K, committed 49692K, reserved 1091584K
  class space    used 6793K, capacity 6941K, committed 7020K, reserved 1048576K
}
Event: 3.783 GC heap after
{Heap after GC invocations=12 (full 0):
 garbage-first heap   total 69632K, used 22862K [0x0000000082200000, 0x0000000100000000)
  region size 1024K, 4 young (4096K), 4 survivors (4096K)
 Metaspace       used 49035K, capacity 49526K, committed 49692K, reserved 1091584K
  class space    used 6793K, capacity 6941K, committed 7020K, reserved 1048576K
}
Event: 4.158 GC heap before
{Heap before GC invocations=12 (full 0):
 garbage-first heap   total 69632K, used 53582K [0x0000000082200000, 0x0000000100000000)
  region size 1024K, 34 young (34816K), 4 survivors (4096K)
 Metaspace       used 54165K, capacity 54698K, committed 54940K, reserved 1097728K
  class space    used 7455K, capacity 7635K, committed 7660K, reserved 1048576K
}
Event: 4.162 GC heap after
{Heap after GC invocations=13 (full 0):
 garbage-first heap   total 69632K, used 24971K [0x0000000082200000, 0x0000000100000000)
  region size 1024K, 4 young (4096K), 4 survivors (4096K)
 Metaspace       used 54165K, capacity 54698K, committed 54940K, reserved 1097728K
  class space    used 7455K, capacity 7635K, committed 7660K, reserved 1048576K
}
Event: 4.390 GC heap before
{Heap before GC invocations=13 (full 0):
 garbage-first heap   total 69632K, used 45451K [0x0000000082200000, 0x0000000100000000)
  region size 1024K, 25 young (25600K), 4 survivors (4096K)
 Metaspace       used 56747K, capacity 57311K, committed 57372K, reserved 1105920K
  class space    used 7789K, capacity 7992K, committed 8044K, reserved 1048576K
}

