# JRE version: OpenJDK Runtime Environment Zulu15.46+17-CA (15.0.10+5) (build 15.0.10+5-MTS)
# Java VM: OpenJDK 64-Bit Server VM Zulu15.46+17-CA (15.0.10+5-MTS, mixed mode, sharing, tiered, compressed oops, g1 gc, windows-amd64)
GC Precious Log:
 CPUs: 8 total, 8 available
 Memory: 8050M
 Large Page Support: Disabled
 NUMA Support: Disabled
 Compressed Oops: Enabled (32-bit)
 Heap Region Size: 1M
 Heap Min Capacity: 8M
 Heap Initial Capacity: 126M
 Heap Max Capacity: 2014M
 Pre-touch: Disabled
 Parallel Workers: 8
 Concurrent Workers: 2
 Concurrent Refinement Workers: 8
 Periodic GC: Disabled
Heap:
 garbage-first heap   total 121856K, used 52758K [0x0000000082200000, 0x0000000100000000)
  region size 1024K, 2 young (2048K), 2 survivors (2048K)
 Metaspace       used 59034K, capacity 59638K, committed 59824K, reserved 1101824K
  class space    used 7962K, capacity 8169K, committed 8192K, reserved 1048576K
GC Heap History (20 events):
Event: 3.202 GC heap after
{Heap after GC invocations=10 (full 0):
 garbage-first heap   total 58368K, used 19221K [0x0000000082200000, 0x0000000100000000)
  region size 1024K, 4 young (4096K), 4 survivors (4096K)
 Metaspace       used 36874K, capacity 37412K, committed 37680K, reserved 1081344K
  class space    used 4968K, capacity 5167K, committed 5248K, reserved 1048576K
}
Event: 3.551 GC heap before
{Heap before GC invocations=10 (full 0):
 garbage-first heap   total 58368K, used 36629K [0x0000000082200000, 0x0000000100000000)
  region size 1024K, 23 young (23552K), 4 survivors (4096K)
 Metaspace       used 41242K, capacity 41709K, committed 41776K, reserved 1085440K
  class space    used 5566K, capacity 5746K, committed 5760K, reserved 1048576K
}
Event: 3.556 GC heap after
{Heap after GC invocations=11 (full 0):
 garbage-first heap   total 70656K, used 20559K [0x0000000082200000, 0x0000000100000000)
  region size 1024K, 3 young (3072K), 3 survivors (3072K)
 Metaspace       used 41242K, capacity 41709K, committed 41776K, reserved 1085440K
  class space    used 5566K, capacity 5746K, committed 5760K, reserved 1048576K
}
Event: 4.071 GC heap before
{Heap before GC invocations=12 (full 0):
 garbage-first heap   total 70656K, used 55375K [0x0000000082200000, 0x0000000100000000)
  region size 1024K, 37 young (37888K), 3 survivors (3072K)
 Metaspace       used 47775K, capacity 48261K, committed 48432K, reserved 1091584K
  class space    used 6546K, capacity 6712K, committed 6784K, reserved 1048576K
}
Event: 4.075 GC heap after
{Heap after GC invocations=13 (full 0):
 garbage-first heap   total 70656K, used 22026K [0x0000000082200000, 0x0000000100000000)
  region size 1024K, 4 young (4096K), 4 survivors (4096K)
 Metaspace       used 47775K, capacity 48261K, committed 48432K, reserved 1091584K
  class space    used 6546K, capacity 6712K, committed 6784K, reserved 1048576K
}
Event: 4.487 GC heap before
{Heap before GC invocations=13 (full 0):
 garbage-first heap   total 70656K, used 55818K [0x0000000082200000, 0x0000000100000000)
  region size 1024K, 37 young (37888K), 4 survivors (4096K)
 Metaspace       used 53216K, capacity 53725K, committed 53936K, reserved 1095680K
  class space    used 7246K, capacity 7422K, committed 7424K, reserved 1048576K
}
Event: 4.491 GC heap after
{Heap after GC invocations=14 (full 0):
 garbage-first heap   total 70656K, used 23925K [0x0000000082200000, 0x0000000100000000)
  region size 1024K, 4 young (4096K), 4 survivors (4096K)
 Metaspace       used 53216K, capacity 53725K, committed 53936K, reserved 1095680K
  class space    used 7246K, capacity 7422K, committed 7424K, reserved 1048576K
}
Event: 4.835 GC heap before
{Heap before GC invocations=14 (full 0):
 garbage-first heap   total 70656K, used 56693K [0x0000000082200000, 0x0000000100000000)
  region size 1024K, 36 young (36864K), 4 survivors (4096K)
 Metaspace       used 56929K, capacity 57393K, committed 57520K, reserved 1099776K
  class space    used 7723K, capacity 7893K, committed 7936K, reserved 1048576K
}
Event: 4.840 GC heap after
{Heap after GC invocations=15 (full 0):
 garbage-first heap   total 70656K, used 26120K [0x0000000082200000, 0x0000000100000000)
  region size 1024K, 5 young (5120K), 5 survivors (5120K)
 Metaspace       used 56929K, capacity 57393K, committed 57520K, reserved 1099776K
  class space    used 7723K, capacity 7893K, committed 7936K, reserved 1048576K
}
Event: 5.083 GC heap before
{Heap before GC invocations=15 (full 0):
 garbage-first heap   total 70656K, used 55816K [0x0000000082200000, 0x0000000100000000)
  region size 1024K, 34 young (34816K), 5 survivors (5120K)
 Metaspace       used 58897K, capacity 59475K, committed 59568K, reserved 1101824K
  class space    used 7950K, capacity 8136K, committed 8192K, reserved 1048576K
}
Event: 5.090 GC heap after
{Heap after GC invocations=16 (full 0):
 garbage-first heap   total 70656K, used 31931K [0x0000000082200000, 0x0000000100000000)
  region size 1024K, 5 young (5120K), 5 survivors (5120K)
 Metaspace       used 58897K, capacity 59475K, committed 59568K, reserved 1101824K
  class space    used 7950K, capacity 8136K, committed 8192K, reserved 1048576K
}
Event: 5.179 GC heap before
{Heap before GC invocations=16 (full 0):
 garbage-first heap   total 70656K, used 53435K [0x0000000082200000, 0x0000000100000000)
  region size 1024K, 27 young (27648K), 5 survivors (5120K)
 Metaspace       used 59022K, capacity 59638K, committed 59824K, reserved 1101824K
  class space    used 7962K, capacity 8169K, committed 8192K, reserved 1048576K
}
Event: 5.187 GC heap after
{Heap after GC invocations=17 (full 0):
 garbage-first heap   total 84992K, used 36573K [0x0000000082200000, 0x0000000100000000)
  region size 1024K, 4 young (4096K), 4 survivors (4096K)
 Metaspace       used 59022K, capacity 59638K, committed 59824K, reserved 1101824K
  class space    used 7962K, capacity 8169K, committed 8192K, reserved 1048576K
}
Event: 5.256 GC heap before
{Heap before GC invocations=17 (full 0):
 garbage-first heap   total 84992K, used 63197K [0x0000000082200000, 0x0000000100000000)
  region size 1024K, 30 young (30720K), 4 survivors (4096K)
 Metaspace       used 59023K, capacity 59638K, committed 59824K, reserved 1101824K
  class space    used 7962K, capacity 8169K, committed 8192K, reserved 1048576K
}
Event: 5.261 GC heap after
{Heap after GC invocations=18 (full 0):
 garbage-first heap   total 84992K, used 42642K [0x0000000082200000, 0x0000000100000000)
  region size 1024K, 4 young (4096K), 4 survivors (4096K)
 Metaspace       used 59023K, capacity 59638K, committed 59824K, reserved 1101824K
  class space    used 7962K, capacity 8169K, committed 8192K, reserved 1048576K
}
Event: 5.348 GC heap before
{Heap before GC invocations=18 (full 0):
 garbage-first heap   total 84992K, used 59026K [0x0000000082200000, 0x0000000100000000)
  region size 1024K, 22 young (22528K), 4 survivors (4096K)
 Metaspace       used 59034K, capacity 59638K, committed 59824K, reserved 1101824K
  class space    used 7962K, capacity 8169K, committed 8192K, reserved 1048576K
}
Event: 5.353 GC heap after
{Heap after GC invocations=19 (full 0):
 garbage-first heap   total 84992K, used 48457K [0x0000000082200000, 0x0000000100000000)
  region size 1024K, 4 young (4096K), 4 survivors (4096K)
 Metaspace       used 59034K, capacity 59638K, committed 59824K, reserved 1101824K
  class space    used 7962K, capacity 8169K, committed 8192K, reserved 1048576K
}
Event: 5.378 GC heap before
{Heap before GC invocations=19 (full 0):
 garbage-first heap   total 84992K, used 63817K [0x0000000082200000, 0x0000000100000000)
  region size 1024K, 19 young (19456K), 4 survivors (4096K)
 Metaspace       used 59034K, capacity 59638K, committed 59824K, reserved 1101824K
  class space    used 7962K, capacity 8169K, committed 8192K, reserved 1048576K
}
Event: 5.382 GC heap after
{Heap after GC invocations=20 (full 0):
 garbage-first heap   total 84992K, used 52259K [0x0000000082200000, 0x0000000100000000)
  region size 1024K, 3 young (3072K), 3 survivors (3072K)
 Metaspace       used 59034K, capacity 59638K, committed 59824K, reserved 1101824K
  class space    used 7962K, capacity 8169K, committed 8192K, reserved 1048576K
}
Event: 5.411 GC heap before
{Heap before GC invocations=20 (full 0):
 garbage-first heap   total 101376K, used 61475K [0x0000000082200000, 0x0000000100000000)
  region size 1024K, 16 young (16384K), 3 survivors (3072K)
 Metaspace       used 59034K, capacity 59638K, committed 59824K, reserved 1101824K
  class space    used 7962K, capacity 8169K, committed 8192K, reserved 1048576K
}

