# JRE version: OpenJDK Runtime Environment Zulu15.46+17-CA (15.0.10+5) (build 15.0.10+5-MTS)
# Java VM: OpenJDK 64-Bit Server VM Zulu15.46+17-CA (15.0.10+5-MTS, mixed mode, sharing, tiered, compressed oops, g1 gc, windows-amd64)
GC Precious Log:
 CPUs: 8 total, 8 available
 Memory: 8050M
 Large Page Support: Disabled
 NUMA Support: Disabled
 Compressed Oops: Enabled (32-bit)
 Heap Region Size: 1M
 Heap Min Capacity: 8M
 Heap Initial Capacity: 126M
 Heap Max Capacity: 2014M
 Pre-touch: Disabled
 Parallel Workers: 8
 Concurrent Workers: 2
 Concurrent Refinement Workers: 8
 Periodic GC: Disabled
Heap:
 garbage-first heap   total 115712K, used 47187K [0x0000000082200000, 0x0000000100000000)
  region size 1024K, 3 young (3072K), 3 survivors (3072K)
 Metaspace       used 58160K, capacity 58751K, committed 58780K, reserved 1099776K
  class space    used 7938K, capacity 8149K, committed 8172K, reserved 1048576K
GC Heap History (20 events):
Event: 2.560 GC heap after
{Heap after GC invocations=6 (full 0):
 garbage-first heap   total 54272K, used 13831K [0x0000000082200000, 0x0000000100000000)
  region size 1024K, 6 young (6144K), 6 survivors (6144K)
 Metaspace       used 24393K, capacity 24786K, committed 24880K, reserved 1071104K
  class space    used 3300K, capacity 3427K, committed 3456K, reserved 1048576K
}
Event: 2.865 GC heap before
{Heap before GC invocations=6 (full 0):
 garbage-first heap   total 54272K, used 37383K [0x0000000082200000, 0x0000000100000000)
  region size 1024K, 29 young (29696K), 6 survivors (6144K)
 Metaspace       used 27575K, capacity 28023K, committed 28208K, reserved 1073152K
  class space    used 3729K, capacity 3861K, committed 3968K, reserved 1048576K
}
Event: 2.874 GC heap after
{Heap after GC invocations=7 (full 0):
 garbage-first heap   total 65536K, used 15324K [0x0000000082200000, 0x0000000100000000)
  region size 1024K, 4 young (4096K), 4 survivors (4096K)
 Metaspace       used 27575K, capacity 28023K, committed 28208K, reserved 1073152K
  class space    used 3729K, capacity 3861K, committed 3968K, reserved 1048576K
}
Event: 3.263 GC heap before
{Heap before GC invocations=7 (full 0):
 garbage-first heap   total 65536K, used 47068K [0x0000000082200000, 0x0000000100000000)
  region size 1024K, 35 young (35840K), 4 survivors (4096K)
 Metaspace       used 32295K, capacity 32785K, committed 32944K, reserved 1077248K
  class space    used 4347K, capacity 4522K, committed 4608K, reserved 1048576K
}
Event: 3.272 GC heap after
{Heap after GC invocations=8 (full 0):
 garbage-first heap   total 65536K, used 18280K [0x0000000082200000, 0x0000000100000000)
  region size 1024K, 5 young (5120K), 5 survivors (5120K)
 Metaspace       used 32295K, capacity 32785K, committed 32944K, reserved 1077248K
  class space    used 4347K, capacity 4522K, committed 4608K, reserved 1048576K
}
Event: 3.516 GC heap before
{Heap before GC invocations=8 (full 0):
 garbage-first heap   total 65536K, used 36712K [0x0000000082200000, 0x0000000100000000)
  region size 1024K, 24 young (24576K), 5 survivors (5120K)
 Metaspace       used 35425K, capacity 35869K, committed 35888K, reserved 1081344K
  class space    used 4805K, capacity 4974K, committed 4992K, reserved 1048576K
}
Event: 3.533 GC heap after
{Heap after GC invocations=9 (full 0):
 garbage-first heap   total 65536K, used 19239K [0x0000000082200000, 0x0000000100000000)
  region size 1024K, 2 young (2048K), 2 survivors (2048K)
 Metaspace       used 35425K, capacity 35869K, committed 35888K, reserved 1081344K
  class space    used 4805K, capacity 4974K, committed 4992K, reserved 1048576K
}
Event: 4.134 GC heap before
{Heap before GC invocations=10 (full 0):
 garbage-first heap   total 65536K, used 48935K [0x0000000082200000, 0x0000000100000000)
  region size 1024K, 31 young (31744K), 2 survivors (2048K)
 Metaspace       used 42565K, capacity 43020K, committed 43292K, reserved 1087488K
  class space    used 5816K, capacity 5970K, committed 5996K, reserved 1048576K
}
Event: 4.138 GC heap after
{Heap after GC invocations=11 (full 0):
 garbage-first heap   total 65536K, used 20840K [0x0000000082200000, 0x0000000100000000)
  region size 1024K, 3 young (3072K), 3 survivors (3072K)
 Metaspace       used 42565K, capacity 43020K, committed 43292K, reserved 1087488K
  class space    used 5816K, capacity 5970K, committed 5996K, reserved 1048576K
}
Event: 4.655 GC heap before
{Heap before GC invocations=11 (full 0):
 garbage-first heap   total 65536K, used 49512K [0x0000000082200000, 0x0000000100000000)
  region size 1024K, 31 young (31744K), 3 survivors (3072K)
 Metaspace       used 48578K, capacity 49104K, committed 49436K, reserved 1091584K
  class space    used 6742K, capacity 6908K, committed 7020K, reserved 1048576K
}
Event: 4.669 GC heap after
{Heap after GC invocations=12 (full 0):
 garbage-first heap   total 65536K, used 22234K [0x0000000082200000, 0x0000000100000000)
  region size 1024K, 4 young (4096K), 4 survivors (4096K)
 Metaspace       used 48578K, capacity 49104K, committed 49436K, reserved 1091584K
  class space    used 6742K, capacity 6908K, committed 7020K, reserved 1048576K
}
Event: 5.016 GC heap before
{Heap before GC invocations=12 (full 0):
 garbage-first heap   total 65536K, used 49882K [0x0000000082200000, 0x0000000100000000)
  region size 1024K, 31 young (31744K), 4 survivors (4096K)
 Metaspace       used 53238K, capacity 53772K, committed 54044K, reserved 1095680K
  class space    used 7331K, capacity 7499K, committed 7532K, reserved 1048576K
}
Event: 5.034 GC heap after
{Heap after GC invocations=13 (full 0):
 garbage-first heap   total 81920K, used 24307K [0x0000000082200000, 0x0000000100000000)
  region size 1024K, 4 young (4096K), 4 survivors (4096K)
 Metaspace       used 53238K, capacity 53772K, committed 54044K, reserved 1095680K
  class space    used 7331K, capacity 7499K, committed 7532K, reserved 1048576K
}
Event: 5.522 GC heap before
{Heap before GC invocations=13 (full 0):
 garbage-first heap   total 81920K, used 63219K [0x0000000082200000, 0x0000000100000000)
  region size 1024K, 42 young (43008K), 4 survivors (4096K)
 Metaspace       used 57889K, capacity 58524K, committed 58780K, reserved 1099776K
  class space    used 7915K, capacity 8116K, committed 8172K, reserved 1048576K
}
Event: 5.532 GC heap after
{Heap after GC invocations=14 (full 0):
 garbage-first heap   total 81920K, used 27298K [0x0000000082200000, 0x0000000100000000)
  region size 1024K, 5 young (5120K), 5 survivors (5120K)
 Metaspace       used 57889K, capacity 58524K, committed 58780K, reserved 1099776K
  class space    used 7915K, capacity 8116K, committed 8172K, reserved 1048576K
}
Event: 5.680 GC heap before
{Heap before GC invocations=14 (full 0):
 garbage-first heap   total 81920K, used 64162K [0x0000000082200000, 0x0000000100000000)
  region size 1024K, 41 young (41984K), 5 survivors (5120K)
 Metaspace       used 58124K, capacity 58716K, committed 58780K, reserved 1099776K
  class space    used 7935K, capacity 8116K, committed 8172K, reserved 1048576K
}
Event: 5.706 GC heap after
{Heap after GC invocations=15 (full 0):
 garbage-first heap   total 81920K, used 36215K [0x0000000082200000, 0x0000000100000000)
  region size 1024K, 6 young (6144K), 6 survivors (6144K)
 Metaspace       used 58124K, capacity 58716K, committed 58780K, reserved 1099776K
  class space    used 7935K, capacity 8116K, committed 8172K, reserved 1048576K
}
Event: 5.904 GC heap before
{Heap before GC invocations=15 (full 0):
 garbage-first heap   total 81920K, used 61815K [0x0000000082200000, 0x0000000100000000)
  region size 1024K, 31 young (31744K), 6 survivors (6144K)
 Metaspace       used 58154K, capacity 58751K, committed 58780K, reserved 1099776K
  class space    used 7938K, capacity 8149K, committed 8172K, reserved 1048576K
}
Event: 5.912 GC heap after
{Heap after GC invocations=16 (full 0):
 garbage-first heap   total 81920K, used 41987K [0x0000000082200000, 0x0000000100000000)
  region size 1024K, 4 young (4096K), 4 survivors (4096K)
 Metaspace       used 58154K, capacity 58751K, committed 58780K, reserved 1099776K
  class space    used 7938K, capacity 8149K, committed 8172K, reserved 1048576K
}
Event: 6.049 GC heap before
{Heap before GC invocations=16 (full 0):
 garbage-first heap   total 81920K, used 58371K [0x0000000082200000, 0x0000000100000000)
  region size 1024K, 22 young (22528K), 4 survivors (4096K)
 Metaspace       used 58160K, capacity 58751K, committed 58780K, reserved 1099776K
  class space    used 7938K, capacity 8149K, committed 8172K, reserved 1048576K
}

