# JRE version: OpenJDK Runtime Environment Zulu15.46+17-CA (15.0.10+5) (build 15.0.10+5-MTS)
# Java VM: OpenJDK 64-Bit Server VM Zulu15.46+17-CA (15.0.10+5-MTS, mixed mode, sharing, tiered, compressed oops, g1 gc, windows-amd64)
GC Precious Log:
 CPUs: 8 total, 8 available
 Memory: 8050M
 Large Page Support: Disabled
 NUMA Support: Disabled
 Compressed Oops: Enabled (Zero based)
 Heap Region Size: 2M
 Heap Min Capacity: 8M
 Heap Initial Capacity: 126M
 Heap Max Capacity: 3500M
 Pre-touch: Disabled
 Parallel Workers: 8
 Concurrent Workers: 2
 Concurrent Refinement Workers: 8
 Periodic GC: Disabled
Heap:
 garbage-first heap   total 108544K, used 51158K [0x0000000725400000, 0x0000000800000000)
  region size 2048K, 2 young (4096K), 2 survivors (4096K)
 Metaspace       used 58312K, capacity 58929K, committed 59088K, reserved 1099776K
  class space    used 7971K, capacity 8157K, committed 8224K, reserved 1048576K
GC Heap History (20 events):
Event: 2.670 GC heap after
{Heap after GC invocations=9 (full 0):
 garbage-first heap   total 73728K, used 17624K [0x0000000725400000, 0x0000000800000000)
  region size 2048K, 2 young (4096K), 2 survivors (4096K)
 Metaspace       used 32801K, capacity 33276K, committed 33532K, reserved 1079296K
  class space    used 4426K, capacity 4619K, committed 4684K, reserved 1048576K
}
Event: 3.396 GC heap before
{Heap before GC invocations=9 (full 0):
 garbage-first heap   total 73728K, used 52440K [0x0000000725400000, 0x0000000800000000)
  region size 2048K, 19 young (38912K), 2 survivors (4096K)
 Metaspace       used 40324K, capacity 40817K, committed 40956K, reserved 1085440K
  class space    used 5519K, capacity 5681K, committed 5708K, reserved 1048576K
}
Event: 3.400 GC heap after
{Heap after GC invocations=10 (full 0):
 garbage-first heap   total 73728K, used 19725K [0x0000000725400000, 0x0000000800000000)
  region size 2048K, 2 young (4096K), 2 survivors (4096K)
 Metaspace       used 40324K, capacity 40817K, committed 40956K, reserved 1085440K
  class space    used 5519K, capacity 5681K, committed 5708K, reserved 1048576K
}
Event: 3.557 GC heap before
{Heap before GC invocations=10 (full 0):
 garbage-first heap   total 73728K, used 29965K [0x0000000725400000, 0x0000000800000000)
  region size 2048K, 8 young (16384K), 2 survivors (4096K)
 Metaspace       used 42508K, capacity 42964K, committed 43088K, reserved 1087488K
  class space    used 5803K, capacity 5970K, committed 6048K, reserved 1048576K
}
Event: 3.562 GC heap after
{Heap after GC invocations=11 (full 0):
 garbage-first heap   total 73728K, used 20619K [0x0000000725400000, 0x0000000800000000)
  region size 2048K, 2 young (4096K), 2 survivors (4096K)
 Metaspace       used 42508K, capacity 42964K, committed 43088K, reserved 1087488K
  class space    used 5803K, capacity 5970K, committed 6048K, reserved 1048576K
}
Event: 4.035 GC heap before
{Heap before GC invocations=12 (full 0):
 garbage-first heap   total 73728K, used 51339K [0x0000000725400000, 0x0000000800000000)
  region size 2048K, 18 young (36864K), 2 survivors (4096K)
 Metaspace       used 48747K, capacity 49252K, committed 49488K, reserved 1091584K
  class space    used 6781K, capacity 6974K, committed 7072K, reserved 1048576K
}
Event: 4.039 GC heap after
{Heap after GC invocations=13 (full 0):
 garbage-first heap   total 73728K, used 22185K [0x0000000725400000, 0x0000000800000000)
  region size 2048K, 3 young (6144K), 3 survivors (6144K)
 Metaspace       used 48747K, capacity 49252K, committed 49488K, reserved 1091584K
  class space    used 6781K, capacity 6974K, committed 7072K, reserved 1048576K
}
Event: 4.419 GC heap before
{Heap before GC invocations=13 (full 0):
 garbage-first heap   total 73728K, used 52905K [0x0000000725400000, 0x0000000800000000)
  region size 2048K, 18 young (36864K), 3 survivors (6144K)
 Metaspace       used 53646K, capacity 54133K, committed 54352K, reserved 1095680K
  class space    used 7396K, capacity 7570K, committed 7584K, reserved 1048576K
}
Event: 4.423 GC heap after
{Heap after GC invocations=14 (full 0):
 garbage-first heap   total 73728K, used 24097K [0x0000000725400000, 0x0000000800000000)
  region size 2048K, 3 young (6144K), 3 survivors (6144K)
 Metaspace       used 53646K, capacity 54133K, committed 54352K, reserved 1095680K
  class space    used 7396K, capacity 7570K, committed 7584K, reserved 1048576K
}
Event: 4.747 GC heap before
{Heap before GC invocations=14 (full 0):
 garbage-first heap   total 73728K, used 54817K [0x0000000725400000, 0x0000000800000000)
  region size 2048K, 18 young (36864K), 3 survivors (6144K)
 Metaspace       used 57131K, capacity 57743K, committed 57936K, reserved 1099776K
  class space    used 7844K, capacity 8043K, committed 8096K, reserved 1048576K
}
Event: 4.752 GC heap after
{Heap after GC invocations=15 (full 0):
 garbage-first heap   total 90112K, used 26575K [0x0000000725400000, 0x0000000800000000)
  region size 2048K, 3 young (6144K), 3 survivors (6144K)
 Metaspace       used 57131K, capacity 57743K, committed 57936K, reserved 1099776K
  class space    used 7844K, capacity 8043K, committed 8096K, reserved 1048576K
}
Event: 4.950 GC heap before
{Heap before GC invocations=15 (full 0):
 garbage-first heap   total 90112K, used 65487K [0x0000000725400000, 0x0000000800000000)
  region size 2048K, 23 young (47104K), 3 survivors (6144K)
 Metaspace       used 58204K, capacity 58783K, committed 59088K, reserved 1099776K
  class space    used 7960K, capacity 8153K, committed 8224K, reserved 1048576K
}
Event: 4.958 GC heap after
{Heap after GC invocations=16 (full 0):
 garbage-first heap   total 90112K, used 34637K [0x0000000725400000, 0x0000000800000000)
  region size 2048K, 3 young (6144K), 3 survivors (6144K)
 Metaspace       used 58204K, capacity 58783K, committed 59088K, reserved 1099776K
  class space    used 7960K, capacity 8153K, committed 8224K, reserved 1048576K
}
Event: 5.056 GC heap before
{Heap before GC invocations=16 (full 0):
 garbage-first heap   total 90112K, used 63309K [0x0000000725400000, 0x0000000800000000)
  region size 2048K, 18 young (36864K), 3 survivors (6144K)
 Metaspace       used 58287K, capacity 58850K, committed 59088K, reserved 1099776K
  class space    used 7969K, capacity 8154K, committed 8224K, reserved 1048576K
}
Event: 5.064 GC heap after
{Heap after GC invocations=17 (full 0):
 garbage-first heap   total 90112K, used 41828K [0x0000000725400000, 0x0000000800000000)
  region size 2048K, 3 young (6144K), 3 survivors (6144K)
 Metaspace       used 58287K, capacity 58850K, committed 59088K, reserved 1099776K
  class space    used 7969K, capacity 8154K, committed 8224K, reserved 1048576K
}
Event: 5.151 GC heap before
{Heap before GC invocations=17 (full 0):
 garbage-first heap   total 90112K, used 62308K [0x0000000725400000, 0x0000000800000000)
  region size 2048K, 14 young (28672K), 3 survivors (6144K)
 Metaspace       used 58303K, capacity 58914K, committed 59088K, reserved 1099776K
  class space    used 7969K, capacity 8154K, committed 8224K, reserved 1048576K
}
Event: 5.154 GC heap after
{Heap after GC invocations=18 (full 0):
 garbage-first heap   total 90112K, used 41680K [0x0000000725400000, 0x0000000800000000)
  region size 2048K, 2 young (4096K), 2 survivors (4096K)
 Metaspace       used 58303K, capacity 58914K, committed 59088K, reserved 1099776K
  class space    used 7969K, capacity 8154K, committed 8224K, reserved 1048576K
}
Event: 5.186 GC heap before
{Heap before GC invocations=18 (full 0):
 garbage-first heap   total 90112K, used 64208K [0x0000000725400000, 0x0000000800000000)
  region size 2048K, 14 young (28672K), 2 survivors (4096K)
 Metaspace       used 58303K, capacity 58914K, committed 59088K, reserved 1099776K
  class space    used 7969K, capacity 8154K, committed 8224K, reserved 1048576K
}
Event: 5.191 GC heap after
{Heap after GC invocations=19 (full 0):
 garbage-first heap   total 90112K, used 45724K [0x0000000725400000, 0x0000000800000000)
  region size 2048K, 2 young (4096K), 2 survivors (4096K)
 Metaspace       used 58303K, capacity 58914K, committed 59088K, reserved 1099776K
  class space    used 7969K, capacity 8154K, committed 8224K, reserved 1048576K
}
Event: 5.287 GC heap before
{Heap before GC invocations=20 (full 0):
 garbage-first heap   total 90112K, used 66204K [0x0000000725400000, 0x0000000800000000)
  region size 2048K, 12 young (24576K), 2 survivors (4096K)
 Metaspace       used 58312K, capacity 58929K, committed 59088K, reserved 1099776K
  class space    used 7971K, capacity 8157K, committed 8224K, reserved 1048576K
}

