# JRE version: OpenJDK Runtime Environment Zulu15.46+17-CA (15.0.10+5) (build 15.0.10+5-MTS)
# Java VM: OpenJDK 64-Bit Server VM Zulu15.46+17-CA (15.0.10+5-MTS, mixed mode, sharing, tiered, compressed oops, g1 gc, windows-amd64)
GC Precious Log:
 CPUs: 8 total, 8 available
 Memory: 8050M
 Large Page Support: Disabled
 NUMA Support: Disabled
 Compressed Oops: Enabled (32-bit)
 Heap Region Size: 1M
 Heap Min Capacity: 8M
 Heap Initial Capacity: 126M
 Heap Max Capacity: 2014M
 Pre-touch: Disabled
 Parallel Workers: 8
 Concurrent Workers: 2
 Concurrent Refinement Workers: 8
 Periodic GC: Disabled
Heap:
 garbage-first heap   total 86016K, used 21512K [0x0000000082200000, 0x0000000100000000)
  region size 1024K, 3 young (3072K), 3 survivors (3072K)
 Metaspace       used 43684K, capacity 44155K, committed 44208K, reserved 1093632K
  class space    used 5965K, capacity 6131K, committed 6144K, reserved 1048576K
GC Heap History (17 events):
Event: 0.629 GC heap before
{Heap before GC invocations=0 (full 0):
 garbage-first heap   total 129024K, used 23552K [0x0000000082200000, 0x0000000100000000)
  region size 1024K, 23 young (23552K), 0 survivors (0K)
 Metaspace       used 8536K, capacity 8683K, committed 8832K, reserved 1056768K
  class space    used 1061K, capacity 1136K, committed 1152K, reserved 1048576K
}
Event: 0.637 GC heap after
{Heap after GC invocations=1 (full 0):
 garbage-first heap   total 129024K, used 8240K [0x0000000082200000, 0x0000000100000000)
  region size 1024K, 3 young (3072K), 3 survivors (3072K)
 Metaspace       used 8536K, capacity 8683K, committed 8832K, reserved 1056768K
  class space    used 1061K, capacity 1136K, committed 1152K, reserved 1048576K
}
Event: 0.948 GC heap before
{Heap before GC invocations=1 (full 0):
 garbage-first heap   total 129024K, used 27696K [0x0000000082200000, 0x0000000100000000)
  region size 1024K, 22 young (22528K), 3 survivors (3072K)
 Metaspace       used 12337K, capacity 12573K, committed 12800K, reserved 1060864K
  class space    used 1649K, capacity 1727K, committed 1792K, reserved 1048576K
}
Event: 0.953 GC heap after
{Heap after GC invocations=2 (full 0):
 garbage-first heap   total 129024K, used 10008K [0x0000000082200000, 0x0000000100000000)
  region size 1024K, 2 young (2048K), 2 survivors (2048K)
 Metaspace       used 12337K, capacity 12573K, committed 12800K, reserved 1060864K
  class space    used 1649K, capacity 1727K, committed 1792K, reserved 1048576K
}
Event: 1.361 GC heap before
{Heap before GC invocations=2 (full 0):
 garbage-first heap   total 129024K, used 49944K [0x0000000082200000, 0x0000000100000000)
  region size 1024K, 42 young (43008K), 2 survivors (2048K)
 Metaspace       used 20371K, capacity 20741K, committed 20864K, reserved 1067008K
  class space    used 2776K, capacity 2890K, committed 2944K, reserved 1048576K
}
Event: 1.365 GC heap after
{Heap after GC invocations=3 (full 0):
 garbage-first heap   total 129024K, used 12461K [0x0000000082200000, 0x0000000100000000)
  region size 1024K, 4 young (4096K), 4 survivors (4096K)
 Metaspace       used 20371K, capacity 20741K, committed 20864K, reserved 1067008K
  class space    used 2776K, capacity 2890K, committed 2944K, reserved 1048576K
}
Event: 1.383 GC heap before
{Heap before GC invocations=3 (full 0):
 garbage-first heap   total 129024K, used 14509K [0x0000000082200000, 0x0000000100000000)
  region size 1024K, 7 young (7168K), 4 survivors (4096K)
 Metaspace       used 20893K, capacity 21221K, committed 21296K, reserved 1067008K
  class space    used 2820K, capacity 2922K, committed 2944K, reserved 1048576K
}
Event: 1.386 GC heap after
{Heap after GC invocations=4 (full 0):
 garbage-first heap   total 129024K, used 12708K [0x0000000082200000, 0x0000000100000000)
  region size 1024K, 5 young (5120K), 5 survivors (5120K)
 Metaspace       used 20893K, capacity 21221K, committed 21296K, reserved 1067008K
  class space    used 2820K, capacity 2922K, committed 2944K, reserved 1048576K
}
Event: 1.721 GC heap before
{Heap before GC invocations=5 (full 0):
 garbage-first heap   total 55296K, used 52644K [0x0000000082200000, 0x0000000100000000)
  region size 1024K, 45 young (46080K), 5 survivors (5120K)
 Metaspace       used 25385K, capacity 25823K, committed 26160K, reserved 1071104K
  class space    used 3449K, capacity 3596K, committed 3712K, reserved 1048576K
}
Event: 1.727 GC heap after
{Heap after GC invocations=6 (full 0):
 garbage-first heap   total 73728K, used 14404K [0x0000000082200000, 0x0000000100000000)
  region size 1024K, 6 young (6144K), 6 survivors (6144K)
 Metaspace       used 25385K, capacity 25823K, committed 26160K, reserved 1071104K
  class space    used 3449K, capacity 3596K, committed 3712K, reserved 1048576K
}
Event: 2.208 GC heap before
{Heap before GC invocations=6 (full 0):
 garbage-first heap   total 73728K, used 52292K [0x0000000082200000, 0x0000000100000000)
  region size 1024K, 43 young (44032K), 6 survivors (6144K)
 Metaspace       used 30870K, capacity 31261K, committed 31408K, reserved 1077248K
  class space    used 4207K, capacity 4330K, committed 4352K, reserved 1048576K
}
Event: 2.219 GC heap after
{Heap after GC invocations=7 (full 0):
 garbage-first heap   total 73728K, used 17019K [0x0000000082200000, 0x0000000100000000)
  region size 1024K, 5 young (5120K), 5 survivors (5120K)
 Metaspace       used 30870K, capacity 31261K, committed 31408K, reserved 1077248K
  class space    used 4207K, capacity 4330K, committed 4352K, reserved 1048576K
}
Event: 2.594 GC heap before
{Heap before GC invocations=7 (full 0):
 garbage-first heap   total 73728K, used 44667K [0x0000000082200000, 0x0000000100000000)
  region size 1024K, 34 young (34816K), 5 survivors (5120K)
 Metaspace       used 35338K, capacity 35817K, committed 35888K, reserved 1081344K
  class space    used 4790K, capacity 4974K, committed 4992K, reserved 1048576K
}
Event: 2.599 GC heap after
{Heap after GC invocations=8 (full 0):
 garbage-first heap   total 73728K, used 18928K [0x0000000082200000, 0x0000000100000000)
  region size 1024K, 5 young (5120K), 5 survivors (5120K)
 Metaspace       used 35338K, capacity 35817K, committed 35888K, reserved 1081344K
  class space    used 4790K, capacity 4974K, committed 4992K, reserved 1048576K
}
Event: 3.177 GC heap before
{Heap before GC invocations=9 (full 0):
 garbage-first heap   total 71680K, used 54768K [0x0000000082200000, 0x0000000100000000)
  region size 1024K, 40 young (40960K), 5 survivors (5120K)
 Metaspace       used 43676K, capacity 44155K, committed 44208K, reserved 1087488K
  class space    used 5965K, capacity 6131K, committed 6144K, reserved 1048576K
}
Event: 3.183 GC heap after
{Heap after GC invocations=10 (full 0):
 garbage-first heap   total 71680K, used 21248K [0x0000000082200000, 0x0000000100000000)
  region size 1024K, 4 young (4096K), 4 survivors (4096K)
 Metaspace       used 43676K, capacity 44155K, committed 44208K, reserved 1087488K
  class space    used 5965K, capacity 6131K, committed 6144K, reserved 1048576K
}
Event: 3.185 GC heap before
{Heap before GC invocations=10 (full 0):
 garbage-first heap   total 71680K, used 21248K [0x0000000082200000, 0x0000000100000000)
  region size 1024K, 5 young (5120K), 4 survivors (4096K)
 Metaspace       used 43684K, capacity 44155K, committed 44208K, reserved 1093632K
  class space    used 5965K, capacity 6131K, committed 6144K, reserved 1048576K
}

